This is pdfTeX, Version 3.141592653-2.6-1.40.25 (TeX Live 2023/Debian) (preloaded format=pdflatex 2025.12.4)  4 DEC 2025 18:38
entering extended mode
 restricted \write18 enabled.
 file:line:error style messages enabled.
 %&-line parsing enabled.
**/home/yu/æ¡Œé¢/UESTC/3.1/writing/åˆç¨¿/EEG.tex
(/home/yu/æ¡Œé¢/UESTC/3.1/writing/åˆç¨¿/EEG.tex
LaTeX2e <2023-11-01> patch level 1
L3 programming layer <2024-01-22>
(/usr/share/texlive/texmf-dist/tex/latex/base/book.cls
Document Class: book 2023/05/17 v1.4n Standard LaTeX document class
(/usr/share/texlive/texmf-dist/tex/latex/base/bk12.clo
File: bk12.clo 2023/05/17 v1.4n Standard LaTeX file (size option)
)
\c@part=\count187
\c@chapter=\count188
\c@section=\count189
\c@subsection=\count190
\c@subsubsection=\count191
\c@paragraph=\count192
\c@subparagraph=\count193
\c@figure=\count194
\c@table=\count195
\abovecaptionskip=\skip48
\belowcaptionskip=\skip49
\bibindent=\dimen140
) (/usr/share/texlive/texmf-dist/tex/latex/xcolor/xcolor.sty
Package: xcolor 2023/11/15 v3.01 LaTeX color extensions (UK)
 (/usr/share/texlive/texmf-dist/tex/latex/graphics-cfg/color.cfg
File: color.cfg 2016/01/02 v1.6 sample color configuration
)
Package xcolor Info: Driver file: pdftex.def on input line 274.
 (/usr/share/texlive/texmf-dist/tex/latex/graphics-def/pdftex.def
File: pdftex.def 2022/09/22 v1.2b Graphics/color driver for pdftex
) (/usr/share/texlive/texmf-dist/tex/latex/graphics/mathcolor.ltx)
Package xcolor Info: Model `cmy' substituted by `cmy0' on input line 1350.
Package xcolor Info: Model `hsb' substituted by `rgb' on input line 1354.
Package xcolor Info: Model `RGB' extended on input line 1366.
Package xcolor Info: Model `HTML' substituted by `rgb' on input line 1368.
Package xcolor Info: Model `Hsb' substituted by `hsb' on input line 1369.
Package xcolor Info: Model `tHsb' substituted by `hsb' on input line 1370.
Package xcolor Info: Model `HSB' substituted by `hsb' on input line 1371.
Package xcolor Info: Model `Gray' substituted by `gray' on input line 1372.
Package xcolor Info: Model `wave' substituted by `hsb' on input line 1373.
) (/usr/share/texlive/texmf-dist/tex/latex/geometry/geometry.sty
Package: geometry 2020/01/02 v5.9 Page Geometry
 (/usr/share/texlive/texmf-dist/tex/latex/graphics/keyval.sty
Package: keyval 2022/05/29 v1.15 key=value parser (DPC)
\KV@toks@=\toks17
) (/usr/share/texlive/texmf-dist/tex/generic/iftex/ifvtex.sty
Package: ifvtex 2019/10/25 v1.7 ifvtex legacy package. Use iftex instead.
 (/usr/share/texlive/texmf-dist/tex/generic/iftex/iftex.sty
Package: iftex 2022/02/03 v1.0f TeX engine tests
))
\Gm@cnth=\count196
\Gm@cntv=\count197
\c@Gm@tempcnt=\count198
\Gm@bindingoffset=\dimen141
\Gm@wd@mp=\dimen142
\Gm@odd@mp=\dimen143
\Gm@even@mp=\dimen144
\Gm@layoutwidth=\dimen145
\Gm@layoutheight=\dimen146
\Gm@layouthoffset=\dimen147
\Gm@layoutvoffset=\dimen148
\Gm@dimlist=\toks18
) (/usr/share/texlive/texmf-dist/tex/latex/amsmath/amsmath.sty
Package: amsmath 2023/05/13 v2.17o AMS math features
\@mathmargin=\skip50

For additional information on amsmath, use the `?' option.
(/usr/share/texlive/texmf-dist/tex/latex/amsmath/amstext.sty
Package: amstext 2021/08/26 v2.01 AMS text
 (/usr/share/texlive/texmf-dist/tex/latex/amsmath/amsgen.sty
File: amsgen.sty 1999/11/30 v2.0 generic functions
\@emptytoks=\toks19
\ex@=\dimen149
)) (/usr/share/texlive/texmf-dist/tex/latex/amsmath/amsbsy.sty
Package: amsbsy 1999/11/29 v1.2d Bold Symbols
\pmbraise@=\dimen150
) (/usr/share/texlive/texmf-dist/tex/latex/amsmath/amsopn.sty
Package: amsopn 2022/04/08 v2.04 operator names
)
\inf@bad=\count199
LaTeX Info: Redefining \frac on input line 234.
\uproot@=\count266
\leftroot@=\count267
LaTeX Info: Redefining \overline on input line 399.
LaTeX Info: Redefining \colon on input line 410.
\classnum@=\count268
\DOTSCASE@=\count269
LaTeX Info: Redefining \ldots on input line 496.
LaTeX Info: Redefining \dots on input line 499.
LaTeX Info: Redefining \cdots on input line 620.
\Mathstrutbox@=\box51
\strutbox@=\box52
LaTeX Info: Redefining \big on input line 722.
LaTeX Info: Redefining \Big on input line 723.
LaTeX Info: Redefining \bigg on input line 724.
LaTeX Info: Redefining \Bigg on input line 725.
\big@size=\dimen151
LaTeX Font Info:    Redeclaring font encoding OML on input line 743.
LaTeX Font Info:    Redeclaring font encoding OMS on input line 744.
\macc@depth=\count270
LaTeX Info: Redefining \bmod on input line 905.
LaTeX Info: Redefining \pmod on input line 910.
LaTeX Info: Redefining \smash on input line 940.
LaTeX Info: Redefining \relbar on input line 970.
LaTeX Info: Redefining \Relbar on input line 971.
\c@MaxMatrixCols=\count271
\dotsspace@=\muskip16
\c@parentequation=\count272
\dspbrk@lvl=\count273
\tag@help=\toks20
\row@=\count274
\column@=\count275
\maxfields@=\count276
\andhelp@=\toks21
\eqnshift@=\dimen152
\alignsep@=\dimen153
\tagshift@=\dimen154
\tagwidth@=\dimen155
\totwidth@=\dimen156
\lineht@=\dimen157
\@envbody=\toks22
\multlinegap=\skip51
\multlinetaggap=\skip52
\mathdisplay@stack=\toks23
LaTeX Info: Redefining \[ on input line 2953.
LaTeX Info: Redefining \] on input line 2954.
) (/usr/share/texlive/texmf-dist/tex/latex/amsfonts/amssymb.sty
Package: amssymb 2013/01/14 v3.01 AMS font symbols
 (/usr/share/texlive/texmf-dist/tex/latex/amsfonts/amsfonts.sty
Package: amsfonts 2013/01/14 v3.01 Basic AMSFonts support
\symAMSa=\mathgroup4
\symAMSb=\mathgroup5
LaTeX Font Info:    Redeclaring math symbol \hbar on input line 98.
LaTeX Font Info:    Overwriting math alphabet `\mathfrak' in version `bold'
(Font)                  U/euf/m/n --> U/euf/b/n on input line 106.
)) (/usr/share/texlive/texmf-dist/tex/latex/base/fontenc.sty
Package: fontenc 2021/04/29 v2.0v Standard LaTeX package
) (/usr/share/texlive/texmf-dist/tex/latex/base/inputenc.sty
Package: inputenc 2021/02/14 v1.3d Input encoding file
\inpenc@prehook=\toks24
\inpenc@posthook=\toks25
) (/usr/share/texlive/texmf-dist/tex/latex/base/textcomp.sty
Package: textcomp 2020/02/02 v2.0n Standard LaTeX package
) (/usr/share/texmf/tex/latex/lm/lmodern.sty
Package: lmodern 2015/05/01 v1.6.1 Latin Modern Fonts
LaTeX Font Info:    Overwriting symbol font `operators' in version `normal'
(Font)                  OT1/cmr/m/n --> OT1/lmr/m/n on input line 22.
LaTeX Font Info:    Overwriting symbol font `letters' in version `normal'
(Font)                  OML/cmm/m/it --> OML/lmm/m/it on input line 23.
LaTeX Font Info:    Overwriting symbol font `symbols' in version `normal'
(Font)                  OMS/cmsy/m/n --> OMS/lmsy/m/n on input line 24.
LaTeX Font Info:    Overwriting symbol font `largesymbols' in version `normal'
(Font)                  OMX/cmex/m/n --> OMX/lmex/m/n on input line 25.
LaTeX Font Info:    Overwriting symbol font `operators' in version `bold'
(Font)                  OT1/cmr/bx/n --> OT1/lmr/bx/n on input line 26.
LaTeX Font Info:    Overwriting symbol font `letters' in version `bold'
(Font)                  OML/cmm/b/it --> OML/lmm/b/it on input line 27.
LaTeX Font Info:    Overwriting symbol font `symbols' in version `bold'
(Font)                  OMS/cmsy/b/n --> OMS/lmsy/b/n on input line 28.
LaTeX Font Info:    Overwriting symbol font `largesymbols' in version `bold'
(Font)                  OMX/cmex/m/n --> OMX/lmex/m/n on input line 29.
LaTeX Font Info:    Overwriting math alphabet `\mathbf' in version `normal'
(Font)                  OT1/cmr/bx/n --> OT1/lmr/bx/n on input line 31.
LaTeX Font Info:    Overwriting math alphabet `\mathsf' in version `normal'
(Font)                  OT1/cmss/m/n --> OT1/lmss/m/n on input line 32.
LaTeX Font Info:    Overwriting math alphabet `\mathit' in version `normal'
(Font)                  OT1/cmr/m/it --> OT1/lmr/m/it on input line 33.
LaTeX Font Info:    Overwriting math alphabet `\mathtt' in version `normal'
(Font)                  OT1/cmtt/m/n --> OT1/lmtt/m/n on input line 34.
LaTeX Font Info:    Overwriting math alphabet `\mathbf' in version `bold'
(Font)                  OT1/cmr/bx/n --> OT1/lmr/bx/n on input line 35.
LaTeX Font Info:    Overwriting math alphabet `\mathsf' in version `bold'
(Font)                  OT1/cmss/bx/n --> OT1/lmss/bx/n on input line 36.
LaTeX Font Info:    Overwriting math alphabet `\mathit' in version `bold'
(Font)                  OT1/cmr/bx/it --> OT1/lmr/bx/it on input line 37.
LaTeX Font Info:    Overwriting math alphabet `\mathtt' in version `bold'
(Font)                  OT1/cmtt/m/n --> OT1/lmtt/m/n on input line 38.
) (/usr/share/texlive/texmf-dist/tex/latex/upquote/upquote.sty
Package: upquote 2012/04/19 v1.3 upright-quote and grave-accent glyphs in verbatim
) (/usr/share/texlive/texmf-dist/tex/latex/microtype/microtype.sty
Package: microtype 2023/03/13 v3.1a Micro-typographical refinements (RS)
 (/usr/share/texlive/texmf-dist/tex/latex/etoolbox/etoolbox.sty
Package: etoolbox 2020/10/05 v2.5k e-TeX tools for LaTeX (JAW)
\etb@tempcnta=\count277
)
\MT@toks=\toks26
\MT@tempbox=\box53
\MT@count=\count278
LaTeX Info: Redefining \noprotrusionifhmode on input line 1059.
LaTeX Info: Redefining \leftprotrusion on input line 1060.
\MT@prot@toks=\toks27
LaTeX Info: Redefining \rightprotrusion on input line 1078.
LaTeX Info: Redefining \textls on input line 1368.
\MT@outer@kern=\dimen158
LaTeX Info: Redefining \textmicrotypecontext on input line 1988.
\MT@listname@count=\count279
 (/usr/share/texlive/texmf-dist/tex/latex/microtype/microtype-pdftex.def
File: microtype-pdftex.def 2023/03/13 v3.1a Definitions specific to pdftex (RS)
LaTeX Info: Redefining \lsstyle on input line 902.
LaTeX Info: Redefining \lslig on input line 902.
\MT@outer@space=\skip53
)
Package microtype Info: Loading configuration file microtype.cfg.
 (/usr/share/texlive/texmf-dist/tex/latex/microtype/microtype.cfg
File: microtype.cfg 2023/03/13 v3.1a microtype main configuration file (RS)
)) (/usr/share/texlive/texmf-dist/tex/latex/parskip/parskip.sty
Package: parskip 2021-03-14 v2.0h non-zero parskip adjustments
 (/usr/share/texlive/texmf-dist/tex/latex/kvoptions/kvoptions.sty
Package: kvoptions 2022-06-15 v3.15 Key value format for package options (HO)
 (/usr/share/texlive/texmf-dist/tex/generic/ltxcmds/ltxcmds.sty
Package: ltxcmds 2023-12-04 v1.26 LaTeX kernel commands for general use (HO)
) (/usr/share/texlive/texmf-dist/tex/latex/kvsetkeys/kvsetkeys.sty
Package: kvsetkeys 2022-10-05 v1.19 Key value parser (HO)
))) (/usr/share/texlive/texmf-dist/tex/generic/babel/babel.sty
Package: babel 2024/01/07 v24.1 The Babel package
\babel@savecnt=\count280
\U@D=\dimen159
\l@unhyphenated=\language89
 (/usr/share/texlive/texmf-dist/tex/generic/babel/txtbabel.def)
\bbl@readstream=\read2
\bbl@dirlevel=\count281
 (/usr/share/texlive/texmf-dist/tex/generic/babel/locale/zh/babel-chinese.tex)
Package babel Info: Importing data for chinese
(babel)             from babel-zh.ini. Reported on input line 4318.
Package babel Info: Hyphen rules for 'chinese' set to \l@english
(babel)             (\language0). Reported on input line 4318.
 (/usr/share/texlive/texmf-dist/tex/generic/babel/locale/zh/babel-chinese.tex) (/usr/share/texlive/texmf-dist/tex/generic/babel/babel-ca-chinese.tex))
\everypar=\toks28
 (/usr/share/texlive/texmf-dist/tex/latex/bookmark/bookmark.sty
Package: bookmark 2023-12-10 v1.31 PDF bookmarks (HO)
 (/usr/share/texlive/texmf-dist/tex/latex/hyperref/hyperref.sty
Package: hyperref 2024-01-20 v7.01h Hypertext links for LaTeX
 (/usr/share/texlive/texmf-dist/tex/generic/kvdefinekeys/kvdefinekeys.sty
Package: kvdefinekeys 2019-12-19 v1.6 Define keys (HO)
) (/usr/share/texlive/texmf-dist/tex/generic/pdfescape/pdfescape.sty
Package: pdfescape 2019/12/09 v1.15 Implements pdfTeX's escape features (HO)
 (/usr/share/texlive/texmf-dist/tex/generic/pdftexcmds/pdftexcmds.sty
Package: pdftexcmds 2020-06-27 v0.33 Utility functions of pdfTeX for LuaTeX (HO)
 (/usr/share/texlive/texmf-dist/tex/generic/infwarerr/infwarerr.sty
Package: infwarerr 2019/12/03 v1.5 Providing info/warning/error messages (HO)
)
Package pdftexcmds Info: \pdf@primitive is available.
Package pdftexcmds Info: \pdf@ifprimitive is available.
Package pdftexcmds Info: \pdfdraftmode found.
)) (/usr/share/texlive/texmf-dist/tex/latex/hycolor/hycolor.sty
Package: hycolor 2020-01-27 v1.10 Color options for hyperref/bookmark (HO)
) (/usr/share/texlive/texmf-dist/tex/latex/auxhook/auxhook.sty
Package: auxhook 2019-12-17 v1.6 Hooks for auxiliary files (HO)
) (/usr/share/texlive/texmf-dist/tex/latex/hyperref/nameref.sty
Package: nameref 2023-11-26 v2.56 Cross-referencing by name of section
 (/usr/share/texlive/texmf-dist/tex/latex/refcount/refcount.sty
Package: refcount 2019/12/15 v3.6 Data extraction from label references (HO)
) (/usr/share/texlive/texmf-dist/tex/generic/gettitlestring/gettitlestring.sty
Package: gettitlestring 2019/12/15 v1.6 Cleanup title references (HO)
)
\c@section@level=\count282
)
\@linkdim=\dimen160
\Hy@linkcounter=\count283
\Hy@pagecounter=\count284
 (/usr/share/texlive/texmf-dist/tex/latex/hyperref/pd1enc.def
File: pd1enc.def 2024-01-20 v7.01h Hyperref: PDFDocEncoding definition (HO)
Now handling font encoding PD1 ...
... no UTF-8 mapping file for font encoding PD1
) (/usr/share/texlive/texmf-dist/tex/generic/intcalc/intcalc.sty
Package: intcalc 2019/12/15 v1.3 Expandable calculations with integers (HO)
)
\Hy@SavedSpaceFactor=\count285
 (/usr/share/texlive/texmf-dist/tex/latex/hyperref/puenc.def
File: puenc.def 2024-01-20 v7.01h Hyperref: PDF Unicode definition (HO)
Now handling font encoding PU ...
... no UTF-8 mapping file for font encoding PU
)
Package hyperref Info: Option `unicode' set `true' on input line 4062.
Package hyperref Info: Hyper figures OFF on input line 4179.
Package hyperref Info: Link nesting OFF on input line 4184.
Package hyperref Info: Hyper index ON on input line 4187.
Package hyperref Info: Plain pages OFF on input line 4194.
Package hyperref Info: Backreferencing OFF on input line 4199.
Package hyperref Info: Implicit mode ON; LaTeX internals redefined.
Package hyperref Info: Bookmarks ON on input line 4446.
\c@Hy@tempcnt=\count286
 (/usr/share/texlive/texmf-dist/tex/latex/url/url.sty
\Urlmuskip=\muskip17
Package: url 2013/09/16  ver 3.4  Verb mode for urls, etc.
)
LaTeX Info: Redefining \url on input line 4784.
\XeTeXLinkMargin=\dimen161
 (/usr/share/texlive/texmf-dist/tex/generic/bitset/bitset.sty
Package: bitset 2019/12/09 v1.3 Handle bit-vector datatype (HO)
 (/usr/share/texlive/texmf-dist/tex/generic/bigintcalc/bigintcalc.sty
Package: bigintcalc 2019/12/15 v1.5 Expandable calculations on big integers (HO)
))
\Fld@menulength=\count287
\Field@Width=\dimen162
\Fld@charsize=\dimen163
Package hyperref Info: Hyper figures OFF on input line 6063.
Package hyperref Info: Link nesting OFF on input line 6068.
Package hyperref Info: Hyper index ON on input line 6071.
Package hyperref Info: backreferencing OFF on input line 6078.
Package hyperref Info: Link coloring OFF on input line 6083.
Package hyperref Info: Link coloring with OCG OFF on input line 6088.
Package hyperref Info: PDF/A mode OFF on input line 6093.
 (/usr/share/texlive/texmf-dist/tex/latex/base/atbegshi-ltx.sty
Package: atbegshi-ltx 2021/01/10 v1.0c Emulation of the original atbegshi
package with kernel methods
)
\Hy@abspage=\count288
\c@Item=\count289
\c@Hfootnote=\count290
)
Package hyperref Info: Driver (autodetected): hpdftex.
 (/usr/share/texlive/texmf-dist/tex/latex/hyperref/hpdftex.def
File: hpdftex.def 2024-01-20 v7.01h Hyperref driver for pdfTeX
 (/usr/share/texlive/texmf-dist/tex/latex/base/atveryend-ltx.sty
Package: atveryend-ltx 2020/08/19 v1.0a Emulation of the original atveryend package
with kernel methods
)
\Fld@listcount=\count291
\c@bookmark@seq@number=\count292
 (/usr/share/texlive/texmf-dist/tex/latex/rerunfilecheck/rerunfilecheck.sty
Package: rerunfilecheck 2022-07-10 v1.10 Rerun checks for auxiliary files (HO)
 (/usr/share/texlive/texmf-dist/tex/generic/uniquecounter/uniquecounter.sty
Package: uniquecounter 2019/12/15 v1.4 Provide unlimited unique counter (HO)
)
Package uniquecounter Info: New unique counter `rerunfilecheck' on input line 285.
)
\Hy@SectionHShift=\skip54
) (/usr/share/texlive/texmf-dist/tex/latex/bookmark/bkm-pdftex.def
File: bkm-pdftex.def 2023-12-10 v1.31 bookmark driver for pdfTeX and luaTeX (HO)
\BKM@id=\count293
)) (/usr/share/texlive/texmf-dist/tex/latex/xurl/xurl.sty
Package: xurl 2022/01/09 v 0.10 modify URL breaks
)
LaTeX Font Info:    Trying to load font information for T1+lmr on input line 75.
 (/usr/share/texmf/tex/latex/lm/t1lmr.fd
File: t1lmr.fd 2015/05/01 v1.6.1 Font defs for Latin Modern
) (/usr/share/texlive/texmf-dist/tex/latex/l3backend/l3backend-pdftex.def
File: l3backend-pdftex.def 2024-01-04 L3 backend support: PDF output (pdfTeX)
\l__color_backend_stack_int=\count294
\l__pdf_internal_box=\box54
) (./EEG.aux)
\openout1 = `EEG.aux'.

LaTeX Font Info:    Checking defaults for OML/cmm/m/it on input line 75.
LaTeX Font Info:    ... okay on input line 75.
LaTeX Font Info:    Checking defaults for OMS/cmsy/m/n on input line 75.
LaTeX Font Info:    ... okay on input line 75.
LaTeX Font Info:    Checking defaults for OT1/cmr/m/n on input line 75.
LaTeX Font Info:    ... okay on input line 75.
LaTeX Font Info:    Checking defaults for T1/cmr/m/n on input line 75.
LaTeX Font Info:    ... okay on input line 75.
LaTeX Font Info:    Checking defaults for TS1/cmr/m/n on input line 75.
LaTeX Font Info:    ... okay on input line 75.
LaTeX Font Info:    Checking defaults for OMX/cmex/m/n on input line 75.
LaTeX Font Info:    ... okay on input line 75.
LaTeX Font Info:    Checking defaults for U/cmr/m/n on input line 75.
LaTeX Font Info:    ... okay on input line 75.
LaTeX Font Info:    Checking defaults for PD1/pdf/m/n on input line 75.
LaTeX Font Info:    ... okay on input line 75.
LaTeX Font Info:    Checking defaults for PU/pdf/m/n on input line 75.
LaTeX Font Info:    ... okay on input line 75.
 (/usr/share/texlive/texmf-dist/tex/context/base/mkii/supp-pdf.mkii
[Loading MPS to PDF converter (version 2006.09.02).]
\scratchcounter=\count295
\scratchdimen=\dimen164
\scratchbox=\box55
\nofMPsegments=\count296
\nofMParguments=\count297
\everyMPshowfont=\toks29
\MPscratchCnt=\count298
\MPscratchDim=\dimen165
\MPnumerator=\count299
\makeMPintoPDFobject=\count300
\everyMPtoPDFconversion=\toks30
)
*geometry* driver: auto-detecting
*geometry* detected driver: pdftex
*geometry* verbose mode - [ preamble ] result:
* driver: pdftex
* paper: a4paper
* layout: <same size as paper>
* layoutoffset:(h,v)=(0.0pt,0.0pt)
* modes: twoside 
* h-part:(L,W,R)=(71.13188pt, 455.24411pt, 71.13188pt)
* v-part:(T,H,B)=(56.9055pt, 731.23584pt, 56.9055pt)
* \paperwidth=597.50787pt
* \paperheight=845.04684pt
* \textwidth=455.24411pt
* \textheight=731.23584pt
* \oddsidemargin=-1.1381pt
* \evensidemargin=-1.1381pt
* \topmargin=-47.23828pt
* \headheight=12.0pt
* \headsep=19.8738pt
* \topskip=12.0pt
* \footskip=30.0pt
* \marginparwidth=88.0pt
* \marginparsep=7.0pt
* \columnsep=10.0pt
* \skip\footins=10.8pt plus 4.0pt minus 2.0pt
* \hoffset=0.0pt
* \voffset=0.0pt
* \mag=1000
* \@twocolumnfalse
* \@twosidetrue
* \@mparswitchtrue
* \@reversemarginfalse
* (1in=72.27pt=25.4mm, 1cm=28.453pt)

LaTeX Info: Redefining \microtypecontext on input line 75.
Package microtype Info: Applying patch `item' on input line 75.
Package microtype Info: Applying patch `toc' on input line 75.
Package microtype Info: Applying patch `eqnum' on input line 75.
Package microtype Info: Applying patch `footnote' on input line 75.
Package microtype Info: Applying patch `verbatim' on input line 75.
Package microtype Info: Generating PDF output.
Package microtype Info: Character protrusion enabled (level 2).
Package microtype Info: Using protrusion set `basicmath'.
Package microtype Info: Automatic font expansion enabled (level 2),
(microtype)             stretch: 20, shrink: 20, step: 1, non-selected.
Package microtype Info: Using default expansion set `alltext-nott'.
LaTeX Info: Redefining \showhyphens on input line 75.
Package microtype Info: No adjustment of tracking.
Package microtype Info: No adjustment of interword spacing.
Package microtype Info: No adjustment of character kerning.
(/usr/share/texlive/texmf-dist/tex/latex/microtype/mt-cmr.cfg
File: mt-cmr.cfg 2013/05/19 v2.2 microtype config. file: Computer Modern Roman (RS)
)
Package hyperref Info: Link coloring OFF on input line 75.


/home/yu/æ¡Œé¢/UESTC/3.1/writing/åˆç¨¿/EEG.tex:78: LaTeX Error: Unicode character æ•° (U+6570)
               not set up for use with LaTeX.

See the LaTeX manual or LaTeX Companion for explanation.
Type  H <return>  for immediate help.
 ...                                              
                                                  
l.78 
     
You may provide a definition with
\DeclareUnicodeCharacter 


/home/yu/æ¡Œé¢/UESTC/3.1/writing/åˆç¨¿/EEG.tex:78: LaTeX Error: Unicode character æ® (U+636E)
               not set up for use with LaTeX.

See the LaTeX manual or LaTeX Companion for explanation.
Type  H <return>  for immediate help.
 ...                                              
                                                  
l.78 
     
You may provide a definition with
\DeclareUnicodeCharacter 


/home/yu/æ¡Œé¢/UESTC/3.1/writing/åˆç¨¿/EEG.tex:78: LaTeX Error: Unicode character å¢ (U+589E)
               not set up for use with LaTeX.

See the LaTeX manual or LaTeX Companion for explanation.
Type  H <return>  for immediate help.
 ...                                              
                                                  
l.78 
     
You may provide a definition with
\DeclareUnicodeCharacter 


/home/yu/æ¡Œé¢/UESTC/3.1/writing/åˆç¨¿/EEG.tex:78: LaTeX Error: Unicode character å¼º (U+5F3A)
               not set up for use with LaTeX.

See the LaTeX manual or LaTeX Companion for explanation.
Type  H <return>  for immediate help.
 ...                                              
                                                  
l.78 
     
You may provide a definition with
\DeclareUnicodeCharacter 


/home/yu/æ¡Œé¢/UESTC/3.1/writing/åˆç¨¿/EEG.tex:78: LaTeX Error: Unicode character æŠ€ (U+6280)
               not set up for use with LaTeX.

See the LaTeX manual or LaTeX Companion for explanation.
Type  H <return>  for immediate help.
 ...                                              
                                                  
l.78 
     
You may provide a definition with
\DeclareUnicodeCharacter 


/home/yu/æ¡Œé¢/UESTC/3.1/writing/åˆç¨¿/EEG.tex:78: LaTeX Error: Unicode character æœ¯ (U+672F)
               not set up for use with LaTeX.

See the LaTeX manual or LaTeX Companion for explanation.
Type  H <return>  for immediate help.
 ...                                              
                                                  
l.78 
     
You may provide a definition with
\DeclareUnicodeCharacter 


/home/yu/æ¡Œé¢/UESTC/3.1/writing/åˆç¨¿/EEG.tex:78: LaTeX Error: Unicode character ï¼š (U+FF1A)
               not set up for use with LaTeX.

See the LaTeX manual or LaTeX Companion for explanation.
Type  H <return>  for immediate help.
 ...                                              
                                                  
l.78 
     
You may provide a definition with
\DeclareUnicodeCharacter 


/home/yu/æ¡Œé¢/UESTC/3.1/writing/åˆç¨¿/EEG.tex:78: LaTeX Error: Unicode character æ¼” (U+6F14)
               not set up for use with LaTeX.

See the LaTeX manual or LaTeX Companion for explanation.
Type  H <return>  for immediate help.
 ...                                              
                                                  
l.78 
     
You may provide a definition with
\DeclareUnicodeCharacter 


/home/yu/æ¡Œé¢/UESTC/3.1/writing/åˆç¨¿/EEG.tex:78: LaTeX Error: Unicode character è¿› (U+8FDB)
               not set up for use with LaTeX.

See the LaTeX manual or LaTeX Companion for explanation.
Type  H <return>  for immediate help.
 ...                                              
                                                  
l.78 
     
You may provide a definition with
\DeclareUnicodeCharacter 


/home/yu/æ¡Œé¢/UESTC/3.1/writing/åˆç¨¿/EEG.tex:78: LaTeX Error: Unicode character è„‰ (U+8109)
               not set up for use with LaTeX.

See the LaTeX manual or LaTeX Companion for explanation.
Type  H <return>  for immediate help.
 ...                                              
                                                  
l.78 
     
You may provide a definition with
\DeclareUnicodeCharacter 


/home/yu/æ¡Œé¢/UESTC/3.1/writing/åˆç¨¿/EEG.tex:78: LaTeX Error: Unicode character ç»œ (U+7EDC)
               not set up for use with LaTeX.

See the LaTeX manual or LaTeX Companion for explanation.
Type  H <return>  for immediate help.
 ...                                              
                                                  
l.78 
     
You may provide a definition with
\DeclareUnicodeCharacter 


/home/yu/æ¡Œé¢/UESTC/3.1/writing/åˆç¨¿/EEG.tex:78: LaTeX Error: Unicode character ã€ (U+3001)
               not set up for use with LaTeX.

See the LaTeX manual or LaTeX Companion for explanation.
Type  H <return>  for immediate help.
 ...                                              
                                                  
l.78 
     
You may provide a definition with
\DeclareUnicodeCharacter 


/home/yu/æ¡Œé¢/UESTC/3.1/writing/åˆç¨¿/EEG.tex:78: LaTeX Error: Unicode character å·¥ (U+5DE5)
               not set up for use with LaTeX.

See the LaTeX manual or LaTeX Companion for explanation.
Type  H <return>  for immediate help.
 ...                                              
                                                  
l.78 
     
You may provide a definition with
\DeclareUnicodeCharacter 


/home/yu/æ¡Œé¢/UESTC/3.1/writing/åˆç¨¿/EEG.tex:78: LaTeX Error: Unicode character ç¨‹ (U+7A0B)
               not set up for use with LaTeX.

See the LaTeX manual or LaTeX Companion for explanation.
Type  H <return>  for immediate help.
 ...                                              
                                                  
l.78 
     
You may provide a definition with
\DeclareUnicodeCharacter 


/home/yu/æ¡Œé¢/UESTC/3.1/writing/åˆç¨¿/EEG.tex:78: LaTeX Error: Unicode character æŒ‘ (U+6311)
               not set up for use with LaTeX.

See the LaTeX manual or LaTeX Companion for explanation.
Type  H <return>  for immediate help.
 ...                                              
                                                  
l.78 
     
You may provide a definition with
\DeclareUnicodeCharacter 


/home/yu/æ¡Œé¢/UESTC/3.1/writing/åˆç¨¿/EEG.tex:78: LaTeX Error: Unicode character æˆ˜ (U+6218)
               not set up for use with LaTeX.

See the LaTeX manual or LaTeX Companion for explanation.
Type  H <return>  for immediate help.
 ...                                              
                                                  
l.78 
     
You may provide a definition with
\DeclareUnicodeCharacter 


/home/yu/æ¡Œé¢/UESTC/3.1/writing/åˆç¨¿/EEG.tex:78: LaTeX Error: Unicode character ä¸ (U+4E0E)
               not set up for use with LaTeX.

See the LaTeX manual or LaTeX Companion for explanation.
Type  H <return>  for immediate help.
 ...                                              
                                                  
l.78 
     
You may provide a definition with
\DeclareUnicodeCharacter 


/home/yu/æ¡Œé¢/UESTC/3.1/writing/åˆç¨¿/EEG.tex:78: LaTeX Error: Unicode character æœª (U+672A)
               not set up for use with LaTeX.

See the LaTeX manual or LaTeX Companion for explanation.
Type  H <return>  for immediate help.
 ...                                              
                                                  
l.78 
     
You may provide a definition with
\DeclareUnicodeCharacter 


/home/yu/æ¡Œé¢/UESTC/3.1/writing/åˆç¨¿/EEG.tex:78: LaTeX Error: Unicode character æ¥ (U+6765)
               not set up for use with LaTeX.

See the LaTeX manual or LaTeX Companion for explanation.
Type  H <return>  for immediate help.
 ...                                              
                                                  
l.78 
     
You may provide a definition with
\DeclareUnicodeCharacter 


/home/yu/æ¡Œé¢/UESTC/3.1/writing/åˆç¨¿/EEG.tex:78: LaTeX Error: Unicode character å±• (U+5C55)
               not set up for use with LaTeX.

See the LaTeX manual or LaTeX Companion for explanation.
Type  H <return>  for immediate help.
 ...                                              
                                                  
l.78 
     
You may provide a definition with
\DeclareUnicodeCharacter 


/home/yu/æ¡Œé¢/UESTC/3.1/writing/åˆç¨¿/EEG.tex:78: LaTeX Error: Unicode character æœ› (U+671B)
               not set up for use with LaTeX.

See the LaTeX manual or LaTeX Companion for explanation.
Type  H <return>  for immediate help.
 ...                                              
                                                  
l.78 
     
You may provide a definition with
\DeclareUnicodeCharacter 


/home/yu/æ¡Œé¢/UESTC/3.1/writing/åˆç¨¿/EEG.tex:78: LaTeX Error: Unicode character æ±¤ (U+6C64)
               not set up for use with LaTeX.

See the LaTeX manual or LaTeX Companion for explanation.
Type  H <return>  for immediate help.
 ...                                              
                                                  
l.78 
     
You may provide a definition with
\DeclareUnicodeCharacter 


/home/yu/æ¡Œé¢/UESTC/3.1/writing/åˆç¨¿/EEG.tex:78: LaTeX Error: Unicode character ä»² (U+4EF2)
               not set up for use with LaTeX.

See the LaTeX manual or LaTeX Companion for explanation.
Type  H <return>  for immediate help.
 ...                                              
                                                  
l.78 
     
You may provide a definition with
\DeclareUnicodeCharacter 


/home/yu/æ¡Œé¢/UESTC/3.1/writing/åˆç¨¿/EEG.tex:78: LaTeX Error: Unicode character å®‡ (U+5B87)
               not set up for use with LaTeX.

See the LaTeX manual or LaTeX Companion for explanation.
Type  H <return>  for immediate help.
 ...                                              
                                                  
l.78 
     
You may provide a definition with
\DeclareUnicodeCharacter 


/home/yu/æ¡Œé¢/UESTC/3.1/writing/åˆç¨¿/EEG.tex:78: LaTeX Error: Unicode character ï¼Œ (U+FF0C)
               not set up for use with LaTeX.

See the LaTeX manual or LaTeX Companion for explanation.
Type  H <return>  for immediate help.
 ...                                              
                                                  
l.78 
     
You may provide a definition with
\DeclareUnicodeCharacter 


/home/yu/æ¡Œé¢/UESTC/3.1/writing/åˆç¨¿/EEG.tex:78: LaTeX Error: Unicode character åˆ˜ (U+5218)
               not set up for use with LaTeX.

See the LaTeX manual or LaTeX Companion for explanation.
Type  H <return>  for immediate help.
 ...                                              
                                                  
l.78 
     
You may provide a definition with
\DeclareUnicodeCharacter 


/home/yu/æ¡Œé¢/UESTC/3.1/writing/åˆç¨¿/EEG.tex:78: LaTeX Error: Unicode character å“ (U+5353)
               not set up for use with LaTeX.

See the LaTeX manual or LaTeX Companion for explanation.
Type  H <return>  for immediate help.
 ...                                              
                                                  
l.78 
     
You may provide a definition with
\DeclareUnicodeCharacter 


/home/yu/æ¡Œé¢/UESTC/3.1/writing/åˆç¨¿/EEG.tex:78: LaTeX Error: Unicode character å‡½ (U+51FD)
               not set up for use with LaTeX.

See the LaTeX manual or LaTeX Companion for explanation.
Type  H <return>  for immediate help.
 ...                                              
                                                  
l.78 
     
You may provide a definition with
\DeclareUnicodeCharacter 


/home/yu/æ¡Œé¢/UESTC/3.1/writing/åˆç¨¿/EEG.tex:78: LaTeX Error: Unicode character ï¼Œ (U+FF0C)
               not set up for use with LaTeX.

See the LaTeX manual or LaTeX Companion for explanation.
Type  H <return>  for immediate help.
 ...                                              
                                                  
l.78 
     
You may provide a definition with
\DeclareUnicodeCharacter 


/home/yu/æ¡Œé¢/UESTC/3.1/writing/åˆç¨¿/EEG.tex:78: LaTeX Error: Unicode character ä»£ (U+4EE3)
               not set up for use with LaTeX.

See the LaTeX manual or LaTeX Companion for explanation.
Type  H <return>  for immediate help.
 ...                                              
                                                  
l.78 
     
You may provide a definition with
\DeclareUnicodeCharacter 


/home/yu/æ¡Œé¢/UESTC/3.1/writing/åˆç¨¿/EEG.tex:78: LaTeX Error: Unicode character å­ (U+5B50)
               not set up for use with LaTeX.

See the LaTeX manual or LaTeX Companion for explanation.
Type  H <return>  for immediate help.
 ...                                              
                                                  
l.78 
     
You may provide a definition with
\DeclareUnicodeCharacter 


/home/yu/æ¡Œé¢/UESTC/3.1/writing/åˆç¨¿/EEG.tex:78: LaTeX Error: Unicode character ç¥¥ (U+7965)
               not set up for use with LaTeX.

See the LaTeX manual or LaTeX Companion for explanation.
Type  H <return>  for immediate help.
 ...                                              
                                                  
l.78 
     
You may provide a definition with
\DeclareUnicodeCharacter 


/home/yu/æ¡Œé¢/UESTC/3.1/writing/åˆç¨¿/EEG.tex:78: LaTeX Error: Unicode character ï¼Œ (U+FF0C)
               not set up for use with LaTeX.

See the LaTeX manual or LaTeX Companion for explanation.
Type  H <return>  for immediate help.
 ...                                              
                                                  
l.78 
     
You may provide a definition with
\DeclareUnicodeCharacter 


/home/yu/æ¡Œé¢/UESTC/3.1/writing/åˆç¨¿/EEG.tex:78: LaTeX Error: Unicode character æ–½ (U+65BD)
               not set up for use with LaTeX.

See the LaTeX manual or LaTeX Companion for explanation.
Type  H <return>  for immediate help.
 ...                                              
                                                  
l.78 
     
You may provide a definition with
\DeclareUnicodeCharacter 


/home/yu/æ¡Œé¢/UESTC/3.1/writing/åˆç¨¿/EEG.tex:78: LaTeX Error: Unicode character æ”¿ (U+653F)
               not set up for use with LaTeX.

See the LaTeX manual or LaTeX Companion for explanation.
Type  H <return>  for immediate help.
 ...                                              
                                                  
l.78 
     
You may provide a definition with
\DeclareUnicodeCharacter 


/home/yu/æ¡Œé¢/UESTC/3.1/writing/åˆç¨¿/EEG.tex:78: LaTeX Error: Unicode character å®‡ (U+5B87)
               not set up for use with LaTeX.

See the LaTeX manual or LaTeX Companion for explanation.
Type  H <return>  for immediate help.
 ...                                              
                                                  
l.78 
     
You may provide a definition with
\DeclareUnicodeCharacter 

LaTeX Font Info:    Trying to load font information for OT1+lmr on input line 78.
(/usr/share/texmf/tex/latex/lm/ot1lmr.fd
File: ot1lmr.fd 2015/05/01 v1.6.1 Font defs for Latin Modern
)
LaTeX Font Info:    Trying to load font information for OML+lmm on input line 78.
 (/usr/share/texmf/tex/latex/lm/omllmm.fd
File: omllmm.fd 2015/05/01 v1.6.1 Font defs for Latin Modern
)
LaTeX Font Info:    Trying to load font information for OMS+lmsy on input line 78.
 (/usr/share/texmf/tex/latex/lm/omslmsy.fd
File: omslmsy.fd 2015/05/01 v1.6.1 Font defs for Latin Modern
)
LaTeX Font Info:    Trying to load font information for OMX+lmex on input line 78.
 (/usr/share/texmf/tex/latex/lm/omxlmex.fd
File: omxlmex.fd 2015/05/01 v1.6.1 Font defs for Latin Modern
)
LaTeX Font Info:    External font `lmex10' loaded for size
(Font)              <14.4> on input line 78.
LaTeX Font Info:    External font `lmex10' loaded for size
(Font)              <10> on input line 78.
LaTeX Font Info:    External font `lmex10' loaded for size
(Font)              <7> on input line 78.
LaTeX Font Info:    Trying to load font information for U+msa on input line 78.
 (/usr/share/texlive/texmf-dist/tex/latex/amsfonts/umsa.fd
File: umsa.fd 2013/01/14 v3.01 AMS symbols A
) (/usr/share/texlive/texmf-dist/tex/latex/microtype/mt-msa.cfg
File: mt-msa.cfg 2006/02/04 v1.1 microtype config. file: AMS symbols (a) (RS)
)
LaTeX Font Info:    Trying to load font information for U+msb on input line 78.
 (/usr/share/texlive/texmf-dist/tex/latex/amsfonts/umsb.fd
File: umsb.fd 2013/01/14 v3.01 AMS symbols B
) (/usr/share/texlive/texmf-dist/tex/latex/microtype/mt-msb.cfg
File: mt-msb.cfg 2005/06/01 v1.0 microtype config. file: AMS symbols (b) (RS)
)

/home/yu/æ¡Œé¢/UESTC/3.1/writing/åˆç¨¿/EEG.tex:78: LaTeX Error: Unicode character ç”µ (U+7535)
               not set up for use with LaTeX.

See the LaTeX manual or LaTeX Companion for explanation.
Type  H <return>  for immediate help.
 ...                                              
                                                  
l.78 
     
You may provide a definition with
\DeclareUnicodeCharacter 


/home/yu/æ¡Œé¢/UESTC/3.1/writing/åˆç¨¿/EEG.tex:78: LaTeX Error: Unicode character å­ (U+5B50)
               not set up for use with LaTeX.

See the LaTeX manual or LaTeX Companion for explanation.
Type  H <return>  for immediate help.
 ...                                              
                                                  
l.78 
     
You may provide a definition with
\DeclareUnicodeCharacter 


/home/yu/æ¡Œé¢/UESTC/3.1/writing/åˆç¨¿/EEG.tex:78: LaTeX Error: Unicode character ç§‘ (U+79D1)
               not set up for use with LaTeX.

See the LaTeX manual or LaTeX Companion for explanation.
Type  H <return>  for immediate help.
 ...                                              
                                                  
l.78 
     
You may provide a definition with
\DeclareUnicodeCharacter 


/home/yu/æ¡Œé¢/UESTC/3.1/writing/åˆç¨¿/EEG.tex:78: LaTeX Error: Unicode character æŠ€ (U+6280)
               not set up for use with LaTeX.

See the LaTeX manual or LaTeX Companion for explanation.
Type  H <return>  for immediate help.
 ...                                              
                                                  
l.78 
     
You may provide a definition with
\DeclareUnicodeCharacter 


/home/yu/æ¡Œé¢/UESTC/3.1/writing/åˆç¨¿/EEG.tex:78: LaTeX Error: Unicode character å¤§ (U+5927)
               not set up for use with LaTeX.

See the LaTeX manual or LaTeX Companion for explanation.
Type  H <return>  for immediate help.
 ...                                              
                                                  
l.78 
     
You may provide a definition with
\DeclareUnicodeCharacter 


/home/yu/æ¡Œé¢/UESTC/3.1/writing/åˆç¨¿/EEG.tex:78: LaTeX Error: Unicode character å­¦ (U+5B66)
               not set up for use with LaTeX.

See the LaTeX manual or LaTeX Companion for explanation.
Type  H <return>  for immediate help.
 ...                                              
                                                  
l.78 
     
You may provide a definition with
\DeclareUnicodeCharacter 


/home/yu/æ¡Œé¢/UESTC/3.1/writing/åˆç¨¿/EEG.tex:78: LaTeX Error: Unicode character ä¸­ (U+4E2D)
               not set up for use with LaTeX.

See the LaTeX manual or LaTeX Companion for explanation.
Type  H <return>  for immediate help.
 ...                                              
                                                  
l.78 
     
You may provide a definition with
\DeclareUnicodeCharacter 


/home/yu/æ¡Œé¢/UESTC/3.1/writing/åˆç¨¿/EEG.tex:78: LaTeX Error: Unicode character å›½ (U+56FD)
               not set up for use with LaTeX.

See the LaTeX manual or LaTeX Companion for explanation.
Type  H <return>  for immediate help.
 ...                                              
                                                  
l.78 
     
You may provide a definition with
\DeclareUnicodeCharacter 


/home/yu/æ¡Œé¢/UESTC/3.1/writing/åˆç¨¿/EEG.tex:78: LaTeX Error: Unicode character å›› (U+56DB)
               not set up for use with LaTeX.

See the LaTeX manual or LaTeX Companion for explanation.
Type  H <return>  for immediate help.
 ...                                              
                                                  
l.78 
     
You may provide a definition with
\DeclareUnicodeCharacter 


/home/yu/æ¡Œé¢/UESTC/3.1/writing/åˆç¨¿/EEG.tex:78: LaTeX Error: Unicode character å· (U+5DDD)
               not set up for use with LaTeX.

See the LaTeX manual or LaTeX Companion for explanation.
Type  H <return>  for immediate help.
 ...                                              
                                                  
l.78 
     
You may provide a definition with
\DeclareUnicodeCharacter 


/home/yu/æ¡Œé¢/UESTC/3.1/writing/åˆç¨¿/EEG.tex:78: LaTeX Error: Unicode character çœ (U+7701)
               not set up for use with LaTeX.

See the LaTeX manual or LaTeX Companion for explanation.
Type  H <return>  for immediate help.
 ...                                              
                                                  
l.78 
     
You may provide a definition with
\DeclareUnicodeCharacter 


/home/yu/æ¡Œé¢/UESTC/3.1/writing/åˆç¨¿/EEG.tex:78: LaTeX Error: Unicode character æˆ (U+6210)
               not set up for use with LaTeX.

See the LaTeX manual or LaTeX Companion for explanation.
Type  H <return>  for immediate help.
 ...                                              
                                                  
l.78 
     
You may provide a definition with
\DeclareUnicodeCharacter 


/home/yu/æ¡Œé¢/UESTC/3.1/writing/åˆç¨¿/EEG.tex:78: LaTeX Error: Unicode character éƒ½ (U+90FD)
               not set up for use with LaTeX.

See the LaTeX manual or LaTeX Companion for explanation.
Type  H <return>  for immediate help.
 ...                                              
                                                  
l.78 
     
You may provide a definition with
\DeclareUnicodeCharacter 


/home/yu/æ¡Œé¢/UESTC/3.1/writing/åˆç¨¿/EEG.tex:78: LaTeX Error: Unicode character å¸‚ (U+5E02)
               not set up for use with LaTeX.

See the LaTeX manual or LaTeX Companion for explanation.
Type  H <return>  for immediate help.
 ...                                              
                                                  
l.78 
     
You may provide a definition with
\DeclareUnicodeCharacter 

[1



{/var/lib/texmf/fonts/map/pdftex/updmap/pdftex.map}{/usr/share/texmf/fonts/enc/dvips/lm/lm-ec.enc}] [2

]

/home/yu/æ¡Œé¢/UESTC/3.1/writing/åˆç¨¿/EEG.tex:80: LaTeX Error: Unicode character ã€ (U+3010)
               not set up for use with LaTeX.

See the LaTeX manual or LaTeX Companion for explanation.
Type  H <return>  for immediate help.
 ...                                              
                                                  
l.80 \textbf{ã€æ‘˜è¦ã€‘}
                           è„‘ç”µå›¾ï¼ˆEEGï¼‰ä¿¡å·å› å…¶é«˜æ—¶é—´åˆ†è¾¨ç‡å...
You may provide a definition with
\DeclareUnicodeCharacter 


/home/yu/æ¡Œé¢/UESTC/3.1/writing/åˆç¨¿/EEG.tex:80: LaTeX Error: Unicode character æ‘˜ (U+6458)
               not set up for use with LaTeX.

See the LaTeX manual or LaTeX Companion for explanation.
Type  H <return>  for immediate help.
 ...                                              
                                                  
l.80 \textbf{ã€æ‘˜è¦ã€‘}
                           è„‘ç”µå›¾ï¼ˆEEGï¼‰ä¿¡å·å› å…¶é«˜æ—¶é—´åˆ†è¾¨ç‡å...
You may provide a definition with
\DeclareUnicodeCharacter 


/home/yu/æ¡Œé¢/UESTC/3.1/writing/åˆç¨¿/EEG.tex:80: LaTeX Error: Unicode character è¦ (U+8981)
               not set up for use with LaTeX.

See the LaTeX manual or LaTeX Companion for explanation.
Type  H <return>  for immediate help.
 ...                                              
                                                  
l.80 \textbf{ã€æ‘˜è¦ã€‘}
                           è„‘ç”µå›¾ï¼ˆEEGï¼‰ä¿¡å·å› å…¶é«˜æ—¶é—´åˆ†è¾¨ç‡å...
You may provide a definition with
\DeclareUnicodeCharacter 


/home/yu/æ¡Œé¢/UESTC/3.1/writing/åˆç¨¿/EEG.tex:80: LaTeX Error: Unicode character ã€‘ (U+3011)
               not set up for use with LaTeX.

See the LaTeX manual or LaTeX Companion for explanation.
Type  H <return>  for immediate help.
 ...                                              
                                                  
l.80 \textbf{ã€æ‘˜è¦ã€‘}
                           è„‘ç”µå›¾ï¼ˆEEGï¼‰ä¿¡å·å› å…¶é«˜æ—¶é—´åˆ†è¾¨ç‡å...
You may provide a definition with
\DeclareUnicodeCharacter 


/home/yu/æ¡Œé¢/UESTC/3.1/writing/åˆç¨¿/EEG.tex:80: LaTeX Error: Unicode character è„‘ (U+8111)
               not set up for use with LaTeX.

See the LaTeX manual or LaTeX Companion for explanation.
Type  H <return>  for immediate help.
 ...                                              
                                                  
l.80 \textbf{ã€æ‘˜è¦ã€‘} è„‘
                              ç”µå›¾ï¼ˆEEGï¼‰ä¿¡å·å› å…¶é«˜æ—¶é—´åˆ†è¾¨ç‡å...
You may provide a definition with
\DeclareUnicodeCharacter 


/home/yu/æ¡Œé¢/UESTC/3.1/writing/åˆç¨¿/EEG.tex:80: LaTeX Error: Unicode character ç”µ (U+7535)
               not set up for use with LaTeX.

See the LaTeX manual or LaTeX Companion for explanation.
Type  H <return>  for immediate help.
 ...                                              
                                                  
l.80 \textbf{ã€æ‘˜è¦ã€‘} è„‘ç”µ
                                 å›¾ï¼ˆEEGï¼‰ä¿¡å·å› å…¶é«˜æ—¶é—´åˆ†è¾¨ç‡å...
You may provide a definition with
\DeclareUnicodeCharacter 


/home/yu/æ¡Œé¢/UESTC/3.1/writing/åˆç¨¿/EEG.tex:80: LaTeX Error: Unicode character å›¾ (U+56FE)
               not set up for use with LaTeX.

See the LaTeX manual or LaTeX Companion for explanation.
Type  H <return>  for immediate help.
 ...                                              
                                                  
l.80 \textbf{ã€æ‘˜è¦ã€‘} è„‘ç”µå›¾
                                    ï¼ˆEEGï¼‰ä¿¡å·å› å…¶é«˜æ—¶é—´åˆ†è¾¨ç‡å...
You may provide a definition with
\DeclareUnicodeCharacter 


/home/yu/æ¡Œé¢/UESTC/3.1/writing/åˆç¨¿/EEG.tex:80: LaTeX Error: Unicode character ï¼ˆ (U+FF08)
               not set up for use with LaTeX.

See the LaTeX manual or LaTeX Companion for explanation.
Type  H <return>  for immediate help.
 ...                                              
                                                  
l.80 \textbf{ã€æ‘˜è¦ã€‘} è„‘ç”µå›¾ï¼ˆ
                                       EEGï¼‰ä¿¡å·å› å…¶é«˜æ—¶é—´åˆ†è¾¨ç‡å...
You may provide a definition with
\DeclareUnicodeCharacter 


/home/yu/æ¡Œé¢/UESTC/3.1/writing/åˆç¨¿/EEG.tex:80: LaTeX Error: Unicode character ï¼‰ (U+FF09)
               not set up for use with LaTeX.

See the LaTeX manual or LaTeX Companion for explanation.
Type  H <return>  for immediate help.
 ...                                              
                                                  
l.80 \textbf{ã€æ‘˜è¦ã€‘} è„‘ç”µå›¾ï¼ˆEEGï¼‰
                                             ä¿¡å·å› å…¶é«˜æ—¶é—´åˆ†è¾¨ç‡å...
You may provide a definition with
\DeclareUnicodeCharacter 


/home/yu/æ¡Œé¢/UESTC/3.1/writing/åˆç¨¿/EEG.tex:80: LaTeX Error: Unicode character ä¿¡ (U+4FE1)
               not set up for use with LaTeX.

See the LaTeX manual or LaTeX Companion for explanation.
Type  H <return>  for immediate help.
 ...                                              
                                                  
l.80 \textbf{ã€æ‘˜è¦ã€‘} è„‘ç”µå›¾ï¼ˆEEGï¼‰ä¿¡
                                                å·å› å…¶é«˜æ—¶é—´åˆ†è¾¨ç‡å...
You may provide a definition with
\DeclareUnicodeCharacter 


/home/yu/æ¡Œé¢/UESTC/3.1/writing/åˆç¨¿/EEG.tex:80: LaTeX Error: Unicode character å· (U+53F7)
               not set up for use with LaTeX.

See the LaTeX manual or LaTeX Companion for explanation.
Type  H <return>  for immediate help.
 ...                                              
                                                  
l.80 ...tbf{ã€æ‘˜è¦ã€‘} è„‘ç”µå›¾ï¼ˆEEGï¼‰ä¿¡å·
                                                  å› å…¶é«˜æ—¶é—´åˆ†è¾¨ç‡åœ...
You may provide a definition with
\DeclareUnicodeCharacter 


/home/yu/æ¡Œé¢/UESTC/3.1/writing/åˆç¨¿/EEG.tex:80: LaTeX Error: Unicode character å›  (U+56E0)
               not set up for use with LaTeX.

See the LaTeX manual or LaTeX Companion for explanation.
Type  H <return>  for immediate help.
 ...                                              
                                                  
l.80 ...{ã€æ‘˜è¦ã€‘} è„‘ç”µå›¾ï¼ˆEEGï¼‰ä¿¡å·å› 
                                                  å…¶é«˜æ—¶é—´åˆ†è¾¨ç‡åœ¨è„...
You may provide a definition with
\DeclareUnicodeCharacter 


/home/yu/æ¡Œé¢/UESTC/3.1/writing/åˆç¨¿/EEG.tex:80: LaTeX Error: Unicode character å…¶ (U+5176)
               not set up for use with LaTeX.

See the LaTeX manual or LaTeX Companion for explanation.
Type  H <return>  for immediate help.
 ...                                              
                                                  
l.80 ...æ‘˜è¦ã€‘} è„‘ç”µå›¾ï¼ˆEEGï¼‰ä¿¡å·å› å…¶
                                                  é«˜æ—¶é—´åˆ†è¾¨ç‡åœ¨è„‘æœ...
You may provide a definition with
\DeclareUnicodeCharacter 


/home/yu/æ¡Œé¢/UESTC/3.1/writing/åˆç¨¿/EEG.tex:80: LaTeX Error: Unicode character é«˜ (U+9AD8)
               not set up for use with LaTeX.

See the LaTeX manual or LaTeX Companion for explanation.
Type  H <return>  for immediate help.
 ...                                              
                                                  
l.80 ...˜è¦ã€‘} è„‘ç”µå›¾ï¼ˆEEGï¼‰ä¿¡å·å› å…¶é«˜
                                                  æ—¶é—´åˆ†è¾¨ç‡åœ¨è„‘æœºæ...
You may provide a definition with
\DeclareUnicodeCharacter 


/home/yu/æ¡Œé¢/UESTC/3.1/writing/åˆç¨¿/EEG.tex:80: LaTeX Error: Unicode character æ—¶ (U+65F6)
               not set up for use with LaTeX.

See the LaTeX manual or LaTeX Companion for explanation.
Type  H <return>  for immediate help.
 ...                                              
                                                  
l.80 ...ã€‘} è„‘ç”µå›¾ï¼ˆEEGï¼‰ä¿¡å·å› å…¶é«˜æ—¶
                                                  é—´åˆ†è¾¨ç‡åœ¨è„‘æœºæ¥å...
You may provide a definition with
\DeclareUnicodeCharacter 


/home/yu/æ¡Œé¢/UESTC/3.1/writing/åˆç¨¿/EEG.tex:80: LaTeX Error: Unicode character é—´ (U+95F4)
               not set up for use with LaTeX.

See the LaTeX manual or LaTeX Companion for explanation.
Type  H <return>  for immediate help.
 ...                                              
                                                  
l.80 ...‘} è„‘ç”µå›¾ï¼ˆEEGï¼‰ä¿¡å·å› å…¶é«˜æ—¶é—´
                                                  åˆ†è¾¨ç‡åœ¨è„‘æœºæ¥å£ä¸...
You may provide a definition with
\DeclareUnicodeCharacter 


/home/yu/æ¡Œé¢/UESTC/3.1/writing/åˆç¨¿/EEG.tex:80: LaTeX Error: Unicode character åˆ† (U+5206)
               not set up for use with LaTeX.

See the LaTeX manual or LaTeX Companion for explanation.
Type  H <return>  for immediate help.
 ...                                              
                                                  
l.80 ...è„‘ç”µå›¾ï¼ˆEEGï¼‰ä¿¡å·å› å…¶é«˜æ—¶é—´åˆ†
                                                  è¾¨ç‡åœ¨è„‘æœºæ¥å£ä¸ç¥...
You may provide a definition with
\DeclareUnicodeCharacter 


/home/yu/æ¡Œé¢/UESTC/3.1/writing/åˆç¨¿/EEG.tex:80: LaTeX Error: Unicode character è¾¨ (U+8FA8)
               not set up for use with LaTeX.

See the LaTeX manual or LaTeX Companion for explanation.
Type  H <return>  for immediate help.
 ...                                              
                                                  
l.80 ...ç”µå›¾ï¼ˆEEGï¼‰ä¿¡å·å› å…¶é«˜æ—¶é—´åˆ†è¾¨
                                                  ç‡åœ¨è„‘æœºæ¥å£ä¸ç¥ç»...
You may provide a definition with
\DeclareUnicodeCharacter 


/home/yu/æ¡Œé¢/UESTC/3.1/writing/åˆç¨¿/EEG.tex:80: LaTeX Error: Unicode character ç‡ (U+7387)
               not set up for use with LaTeX.

See the LaTeX manual or LaTeX Companion for explanation.
Type  H <return>  for immediate help.
 ...                                              
                                                  
l.80 ...å›¾ï¼ˆEEGï¼‰ä¿¡å·å› å…¶é«˜æ—¶é—´åˆ†è¾¨ç‡
                                                  åœ¨è„‘æœºæ¥å£ä¸ç¥ç»ç§...
You may provide a definition with
\DeclareUnicodeCharacter 


/home/yu/æ¡Œé¢/UESTC/3.1/writing/åˆç¨¿/EEG.tex:80: LaTeX Error: Unicode character åœ¨ (U+5728)
               not set up for use with LaTeX.

See the LaTeX manual or LaTeX Companion for explanation.
Type  H <return>  for immediate help.
 ...                                              
                                                  
l.80 ...ï¼ˆEEGï¼‰ä¿¡å·å› å…¶é«˜æ—¶é—´åˆ†è¾¨ç‡åœ¨
                                                  è„‘æœºæ¥å£ä¸ç¥ç»ç§‘å­...
You may provide a definition with
\DeclareUnicodeCharacter 


/home/yu/æ¡Œé¢/UESTC/3.1/writing/åˆç¨¿/EEG.tex:80: LaTeX Error: Unicode character è„‘ (U+8111)
               not set up for use with LaTeX.

See the LaTeX manual or LaTeX Companion for explanation.
Type  H <return>  for immediate help.
 ...                                              
                                                  
l.80 ...EEGï¼‰ä¿¡å·å› å…¶é«˜æ—¶é—´åˆ†è¾¨ç‡åœ¨è„‘
                                                  æœºæ¥å£ä¸ç¥ç»ç§‘å­¦ä¸...
You may provide a definition with
\DeclareUnicodeCharacter 


/home/yu/æ¡Œé¢/UESTC/3.1/writing/åˆç¨¿/EEG.tex:80: LaTeX Error: Unicode character æœº (U+673A)
               not set up for use with LaTeX.

See the LaTeX manual or LaTeX Companion for explanation.
Type  H <return>  for immediate help.
 ...                                              
                                                  
l.80 ...ï¼‰ä¿¡å·å› å…¶é«˜æ—¶é—´åˆ†è¾¨ç‡åœ¨è„‘æœº
                                                  æ¥å£ä¸ç¥ç»ç§‘å­¦ä¸­å¹...
You may provide a definition with
\DeclareUnicodeCharacter 


/home/yu/æ¡Œé¢/UESTC/3.1/writing/åˆç¨¿/EEG.tex:80: LaTeX Error: Unicode character æ¥ (U+63A5)
               not set up for use with LaTeX.

See the LaTeX manual or LaTeX Companion for explanation.
Type  H <return>  for immediate help.
 ...                                              
                                                  
l.80 ...ä¿¡å·å› å…¶é«˜æ—¶é—´åˆ†è¾¨ç‡åœ¨è„‘æœºæ¥
                                                  å£ä¸ç¥ç»ç§‘å­¦ä¸­å¹¿æ³...
You may provide a definition with
\DeclareUnicodeCharacter 


/home/yu/æ¡Œé¢/UESTC/3.1/writing/åˆç¨¿/EEG.tex:80: LaTeX Error: Unicode character å£ (U+53E3)
               not set up for use with LaTeX.

See the LaTeX manual or LaTeX Companion for explanation.
Type  H <return>  for immediate help.
 ...                                              
                                                  
l.80 ...å·å› å…¶é«˜æ—¶é—´åˆ†è¾¨ç‡åœ¨è„‘æœºæ¥å£
                                                  ä¸ç¥ç»ç§‘å­¦ä¸­å¹¿æ³›åº...
You may provide a definition with
\DeclareUnicodeCharacter 


/home/yu/æ¡Œé¢/UESTC/3.1/writing/åˆç¨¿/EEG.tex:80: LaTeX Error: Unicode character ä¸ (U+4E0E)
               not set up for use with LaTeX.

See the LaTeX manual or LaTeX Companion for explanation.
Type  H <return>  for immediate help.
 ...                                              
                                                  
l.80 ...å› å…¶é«˜æ—¶é—´åˆ†è¾¨ç‡åœ¨è„‘æœºæ¥å£ä¸
                                                  ç¥ç»ç§‘å­¦ä¸­å¹¿æ³›åº”ç”...
You may provide a definition with
\DeclareUnicodeCharacter 


/home/yu/æ¡Œé¢/UESTC/3.1/writing/åˆç¨¿/EEG.tex:80: LaTeX Error: Unicode character ç¥ (U+795E)
               not set up for use with LaTeX.

See the LaTeX manual or LaTeX Companion for explanation.
Type  H <return>  for immediate help.
 ...                                              
                                                  
l.80 ...å…¶é«˜æ—¶é—´åˆ†è¾¨ç‡åœ¨è„‘æœºæ¥å£ä¸ç¥
                                                  ç»ç§‘å­¦ä¸­å¹¿æ³›åº”ç”¨ï¼...
You may provide a definition with
\DeclareUnicodeCharacter 


/home/yu/æ¡Œé¢/UESTC/3.1/writing/åˆç¨¿/EEG.tex:80: LaTeX Error: Unicode character ç» (U+7ECF)
               not set up for use with LaTeX.

See the LaTeX manual or LaTeX Companion for explanation.
Type  H <return>  for immediate help.
 ...                                              
                                                  
l.80 ...é«˜æ—¶é—´åˆ†è¾¨ç‡åœ¨è„‘æœºæ¥å£ä¸ç¥ç»
                                                  ç§‘å­¦ä¸­å¹¿æ³›åº”ç”¨ï¼Œä½...
You may provide a definition with
\DeclareUnicodeCharacter 


/home/yu/æ¡Œé¢/UESTC/3.1/writing/åˆç¨¿/EEG.tex:80: LaTeX Error: Unicode character ç§‘ (U+79D1)
               not set up for use with LaTeX.

See the LaTeX manual or LaTeX Companion for explanation.
Type  H <return>  for immediate help.
 ...                                              
                                                  
l.80 ...æ—¶é—´åˆ†è¾¨ç‡åœ¨è„‘æœºæ¥å£ä¸ç¥ç»ç§‘
                                                  å­¦ä¸­å¹¿æ³›åº”ç”¨ï¼Œä½†å…...
You may provide a definition with
\DeclareUnicodeCharacter 


/home/yu/æ¡Œé¢/UESTC/3.1/writing/åˆç¨¿/EEG.tex:80: LaTeX Error: Unicode character å­¦ (U+5B66)
               not set up for use with LaTeX.

See the LaTeX manual or LaTeX Companion for explanation.
Type  H <return>  for immediate help.
 ...                                              
                                                  
l.80 ...é—´åˆ†è¾¨ç‡åœ¨è„‘æœºæ¥å£ä¸ç¥ç»ç§‘å­¦
                                                  ä¸­å¹¿æ³›åº”ç”¨ï¼Œä½†å…¶å°...
You may provide a definition with
\DeclareUnicodeCharacter 


/home/yu/æ¡Œé¢/UESTC/3.1/writing/åˆç¨¿/EEG.tex:80: LaTeX Error: Unicode character ä¸­ (U+4E2D)
               not set up for use with LaTeX.

See the LaTeX manual or LaTeX Companion for explanation.
Type  H <return>  for immediate help.
 ...                                              
                                                  
l.80 ...åˆ†è¾¨ç‡åœ¨è„‘æœºæ¥å£ä¸ç¥ç»ç§‘å­¦ä¸­
                                                  å¹¿æ³›åº”ç”¨ï¼Œä½†å…¶å°æ ...
You may provide a definition with
\DeclareUnicodeCharacter 


/home/yu/æ¡Œé¢/UESTC/3.1/writing/åˆç¨¿/EEG.tex:80: LaTeX Error: Unicode character å¹¿ (U+5E7F)
               not set up for use with LaTeX.

See the LaTeX manual or LaTeX Companion for explanation.
Type  H <return>  for immediate help.
 ...                                              
                                                  
l.80 ...è¾¨ç‡åœ¨è„‘æœºæ¥å£ä¸ç¥ç»ç§‘å­¦ä¸­å¹¿
                                                  æ³›åº”ç”¨ï¼Œä½†å…¶å°æ ·æœ...
You may provide a definition with
\DeclareUnicodeCharacter 


/home/yu/æ¡Œé¢/UESTC/3.1/writing/åˆç¨¿/EEG.tex:80: LaTeX Error: Unicode character æ³› (U+6CDB)
               not set up for use with LaTeX.

See the LaTeX manual or LaTeX Companion for explanation.
Type  H <return>  for immediate help.
 ...                                              
                                                  
l.80 ...ç‡åœ¨è„‘æœºæ¥å£ä¸ç¥ç»ç§‘å­¦ä¸­å¹¿æ³›
                                                  åº”ç”¨ï¼Œä½†å…¶å°æ ·æœ¬ã€...
You may provide a definition with
\DeclareUnicodeCharacter 


/home/yu/æ¡Œé¢/UESTC/3.1/writing/åˆç¨¿/EEG.tex:80: LaTeX Error: Unicode character åº” (U+5E94)
               not set up for use with LaTeX.

See the LaTeX manual or LaTeX Companion for explanation.
Type  H <return>  for immediate help.
 ...                                              
                                                  
l.80 ...åœ¨è„‘æœºæ¥å£ä¸ç¥ç»ç§‘å­¦ä¸­å¹¿æ³›åº”
                                                  ç”¨ï¼Œä½†å…¶å°æ ·æœ¬ã€é«...
You may provide a definition with
\DeclareUnicodeCharacter 


/home/yu/æ¡Œé¢/UESTC/3.1/writing/åˆç¨¿/EEG.tex:80: LaTeX Error: Unicode character ç”¨ (U+7528)
               not set up for use with LaTeX.

See the LaTeX manual or LaTeX Companion for explanation.
Type  H <return>  for immediate help.
 ...                                              
                                                  
l.80 ...è„‘æœºæ¥å£ä¸ç¥ç»ç§‘å­¦ä¸­å¹¿æ³›åº”ç”¨
                                                  ï¼Œä½†å…¶å°æ ·æœ¬ã€é«˜ç»...
You may provide a definition with
\DeclareUnicodeCharacter 


/home/yu/æ¡Œé¢/UESTC/3.1/writing/åˆç¨¿/EEG.tex:80: LaTeX Error: Unicode character ï¼Œ (U+FF0C)
               not set up for use with LaTeX.

See the LaTeX manual or LaTeX Companion for explanation.
Type  H <return>  for immediate help.
 ...                                              
                                                  
l.80 ...æœºæ¥å£ä¸ç¥ç»ç§‘å­¦ä¸­å¹¿æ³›åº”ç”¨ï¼Œ
                                                  ä½†å…¶å°æ ·æœ¬ã€é«˜ç»´ã€...
You may provide a definition with
\DeclareUnicodeCharacter 


/home/yu/æ¡Œé¢/UESTC/3.1/writing/åˆç¨¿/EEG.tex:80: LaTeX Error: Unicode character ä½† (U+4F46)
               not set up for use with LaTeX.

See the LaTeX manual or LaTeX Companion for explanation.
Type  H <return>  for immediate help.
 ...                                              
                                                  
l.80 ...æ¥å£ä¸ç¥ç»ç§‘å­¦ä¸­å¹¿æ³›åº”ç”¨ï¼Œä½†
                                                  å…¶å°æ ·æœ¬ã€é«˜ç»´ã€ä½...
You may provide a definition with
\DeclareUnicodeCharacter 


/home/yu/æ¡Œé¢/UESTC/3.1/writing/åˆç¨¿/EEG.tex:80: LaTeX Error: Unicode character å…¶ (U+5176)
               not set up for use with LaTeX.

See the LaTeX manual or LaTeX Companion for explanation.
Type  H <return>  for immediate help.
 ...                                              
                                                  
l.80 ...å£ä¸ç¥ç»ç§‘å­¦ä¸­å¹¿æ³›åº”ç”¨ï¼Œä½†å…¶
                                                  å°æ ·æœ¬ã€é«˜ç»´ã€ä½ä¿...
You may provide a definition with
\DeclareUnicodeCharacter 


/home/yu/æ¡Œé¢/UESTC/3.1/writing/åˆç¨¿/EEG.tex:80: LaTeX Error: Unicode character å° (U+5C0F)
               not set up for use with LaTeX.

See the LaTeX manual or LaTeX Companion for explanation.
Type  H <return>  for immediate help.
 ...                                              
                                                  
l.80 ...ä¸ç¥ç»ç§‘å­¦ä¸­å¹¿æ³›åº”ç”¨ï¼Œä½†å…¶å°
                                                  æ ·æœ¬ã€é«˜ç»´ã€ä½ä¿¡å™...
You may provide a definition with
\DeclareUnicodeCharacter 


/home/yu/æ¡Œé¢/UESTC/3.1/writing/åˆç¨¿/EEG.tex:80: LaTeX Error: Unicode character æ · (U+6837)
               not set up for use with LaTeX.

See the LaTeX manual or LaTeX Companion for explanation.
Type  H <return>  for immediate help.
 ...                                              
                                                  
l.80 ...ç¥ç»ç§‘å­¦ä¸­å¹¿æ³›åº”ç”¨ï¼Œä½†å…¶å°æ ·
                                                  æœ¬ã€é«˜ç»´ã€ä½ä¿¡å™ªæ¯...
You may provide a definition with
\DeclareUnicodeCharacter 


/home/yu/æ¡Œé¢/UESTC/3.1/writing/åˆç¨¿/EEG.tex:80: LaTeX Error: Unicode character æœ¬ (U+672C)
               not set up for use with LaTeX.

See the LaTeX manual or LaTeX Companion for explanation.
Type  H <return>  for immediate help.
 ...                                              
                                                  
l.80 ...ç»ç§‘å­¦ä¸­å¹¿æ³›åº”ç”¨ï¼Œä½†å…¶å°æ ·æœ¬
                                                  ã€é«˜ç»´ã€ä½ä¿¡å™ªæ¯”ã€...
You may provide a definition with
\DeclareUnicodeCharacter 


/home/yu/æ¡Œé¢/UESTC/3.1/writing/åˆç¨¿/EEG.tex:80: LaTeX Error: Unicode character ã€ (U+3001)
               not set up for use with LaTeX.

See the LaTeX manual or LaTeX Companion for explanation.
Type  H <return>  for immediate help.
 ...                                              
                                                  
l.80 ...ç§‘å­¦ä¸­å¹¿æ³›åº”ç”¨ï¼Œä½†å…¶å°æ ·æœ¬ã€
                                                  é«˜ç»´ã€ä½ä¿¡å™ªæ¯”ã€é...
You may provide a definition with
\DeclareUnicodeCharacter 


/home/yu/æ¡Œé¢/UESTC/3.1/writing/åˆç¨¿/EEG.tex:80: LaTeX Error: Unicode character é«˜ (U+9AD8)
               not set up for use with LaTeX.

See the LaTeX manual or LaTeX Companion for explanation.
Type  H <return>  for immediate help.
 ...                                              
                                                  
l.80 ...å­¦ä¸­å¹¿æ³›åº”ç”¨ï¼Œä½†å…¶å°æ ·æœ¬ã€é«˜
                                                  ç»´ã€ä½ä¿¡å™ªæ¯”ã€éå¹...
You may provide a definition with
\DeclareUnicodeCharacter 


/home/yu/æ¡Œé¢/UESTC/3.1/writing/åˆç¨¿/EEG.tex:80: LaTeX Error: Unicode character ç»´ (U+7EF4)
               not set up for use with LaTeX.

See the LaTeX manual or LaTeX Companion for explanation.
Type  H <return>  for immediate help.
 ...                                              
                                                  
l.80 ...ä¸­å¹¿æ³›åº”ç”¨ï¼Œä½†å…¶å°æ ·æœ¬ã€é«˜ç»´
                                                  ã€ä½ä¿¡å™ªæ¯”ã€éå¹³ç¨...
You may provide a definition with
\DeclareUnicodeCharacter 


/home/yu/æ¡Œé¢/UESTC/3.1/writing/åˆç¨¿/EEG.tex:80: LaTeX Error: Unicode character ã€ (U+3001)
               not set up for use with LaTeX.

See the LaTeX manual or LaTeX Companion for explanation.
Type  H <return>  for immediate help.
 ...                                              
                                                  
l.80 ...å¹¿æ³›åº”ç”¨ï¼Œä½†å…¶å°æ ·æœ¬ã€é«˜ç»´ã€
                                                  ä½ä¿¡å™ªæ¯”ã€éå¹³ç¨³å...
You may provide a definition with
\DeclareUnicodeCharacter 


/home/yu/æ¡Œé¢/UESTC/3.1/writing/åˆç¨¿/EEG.tex:80: LaTeX Error: Unicode character ä½ (U+4F4E)
               not set up for use with LaTeX.

See the LaTeX manual or LaTeX Companion for explanation.
Type  H <return>  for immediate help.
 ...                                              
                                                  
l.80 ...æ³›åº”ç”¨ï¼Œä½†å…¶å°æ ·æœ¬ã€é«˜ç»´ã€ä½
                                                  ä¿¡å™ªæ¯”ã€éå¹³ç¨³åŠæ˜...
You may provide a definition with
\DeclareUnicodeCharacter 


/home/yu/æ¡Œé¢/UESTC/3.1/writing/åˆç¨¿/EEG.tex:80: LaTeX Error: Unicode character ä¿¡ (U+4FE1)
               not set up for use with LaTeX.

See the LaTeX manual or LaTeX Companion for explanation.
Type  H <return>  for immediate help.
 ...                                              
                                                  
l.80 ...åº”ç”¨ï¼Œä½†å…¶å°æ ·æœ¬ã€é«˜ç»´ã€ä½ä¿¡
                                                  å™ªæ¯”ã€éå¹³ç¨³åŠæ˜¾è‘...
You may provide a definition with
\DeclareUnicodeCharacter 


/home/yu/æ¡Œé¢/UESTC/3.1/writing/åˆç¨¿/EEG.tex:80: LaTeX Error: Unicode character å™ª (U+566A)
               not set up for use with LaTeX.

See the LaTeX manual or LaTeX Companion for explanation.
Type  H <return>  for immediate help.
 ...                                              
                                                  
l.80 ...ç”¨ï¼Œä½†å…¶å°æ ·æœ¬ã€é«˜ç»´ã€ä½ä¿¡å™ª
                                                  æ¯”ã€éå¹³ç¨³åŠæ˜¾è‘—ä¸...
You may provide a definition with
\DeclareUnicodeCharacter 


/home/yu/æ¡Œé¢/UESTC/3.1/writing/åˆç¨¿/EEG.tex:80: LaTeX Error: Unicode character æ¯” (U+6BD4)
               not set up for use with LaTeX.

See the LaTeX manual or LaTeX Companion for explanation.
Type  H <return>  for immediate help.
 ...                                              
                                                  
l.80 ...ï¼Œä½†å…¶å°æ ·æœ¬ã€é«˜ç»´ã€ä½ä¿¡å™ªæ¯”
                                                  ã€éå¹³ç¨³åŠæ˜¾è‘—ä¸ªä½...
You may provide a definition with
\DeclareUnicodeCharacter 


/home/yu/æ¡Œé¢/UESTC/3.1/writing/åˆç¨¿/EEG.tex:80: LaTeX Error: Unicode character ã€ (U+3001)
               not set up for use with LaTeX.

See the LaTeX manual or LaTeX Companion for explanation.
Type  H <return>  for immediate help.
 ...                                              
                                                  
l.80 ...ä½†å…¶å°æ ·æœ¬ã€é«˜ç»´ã€ä½ä¿¡å™ªæ¯”ã€
                                                  éå¹³ç¨³åŠæ˜¾è‘—ä¸ªä½“å·...
You may provide a definition with
\DeclareUnicodeCharacter 


/home/yu/æ¡Œé¢/UESTC/3.1/writing/åˆç¨¿/EEG.tex:80: LaTeX Error: Unicode character é (U+975E)
               not set up for use with LaTeX.

See the LaTeX manual or LaTeX Companion for explanation.
Type  H <return>  for immediate help.
 ...                                              
                                                  
l.80 ...å…¶å°æ ·æœ¬ã€é«˜ç»´ã€ä½ä¿¡å™ªæ¯”ã€é
                                                  å¹³ç¨³åŠæ˜¾è‘—ä¸ªä½“å·®å¼...
You may provide a definition with
\DeclareUnicodeCharacter 


/home/yu/æ¡Œé¢/UESTC/3.1/writing/åˆç¨¿/EEG.tex:80: LaTeX Error: Unicode character å¹³ (U+5E73)
               not set up for use with LaTeX.

See the LaTeX manual or LaTeX Companion for explanation.
Type  H <return>  for immediate help.
 ...                                              
                                                  
l.80 ...å°æ ·æœ¬ã€é«˜ç»´ã€ä½ä¿¡å™ªæ¯”ã€éå¹³
                                                  ç¨³åŠæ˜¾è‘—ä¸ªä½“å·®å¼‚ç­...
You may provide a definition with
\DeclareUnicodeCharacter 


/home/yu/æ¡Œé¢/UESTC/3.1/writing/åˆç¨¿/EEG.tex:80: LaTeX Error: Unicode character ç¨³ (U+7A33)
               not set up for use with LaTeX.

See the LaTeX manual or LaTeX Companion for explanation.
Type  H <return>  for immediate help.
 ...                                              
                                                  
l.80 ...æ ·æœ¬ã€é«˜ç»´ã€ä½ä¿¡å™ªæ¯”ã€éå¹³ç¨³
                                                  åŠæ˜¾è‘—ä¸ªä½“å·®å¼‚ç­‰ç‰...
You may provide a definition with
\DeclareUnicodeCharacter 


/home/yu/æ¡Œé¢/UESTC/3.1/writing/åˆç¨¿/EEG.tex:80: LaTeX Error: Unicode character åŠ (U+53CA)
               not set up for use with LaTeX.

See the LaTeX manual or LaTeX Companion for explanation.
Type  H <return>  for immediate help.
 ...                                              
                                                  
l.80 ...æœ¬ã€é«˜ç»´ã€ä½ä¿¡å™ªæ¯”ã€éå¹³ç¨³åŠ
                                                  æ˜¾è‘—ä¸ªä½“å·®å¼‚ç­‰ç‰¹æ€...
You may provide a definition with
\DeclareUnicodeCharacter 


/home/yu/æ¡Œé¢/UESTC/3.1/writing/åˆç¨¿/EEG.tex:80: LaTeX Error: Unicode character æ˜¾ (U+663E)
               not set up for use with LaTeX.

See the LaTeX manual or LaTeX Companion for explanation.
Type  H <return>  for immediate help.
 ...                                              
                                                  
l.80 ...ã€é«˜ç»´ã€ä½ä¿¡å™ªæ¯”ã€éå¹³ç¨³åŠæ˜¾
                                                  è‘—ä¸ªä½“å·®å¼‚ç­‰ç‰¹æ€§ï¼...
You may provide a definition with
\DeclareUnicodeCharacter 


/home/yu/æ¡Œé¢/UESTC/3.1/writing/åˆç¨¿/EEG.tex:80: LaTeX Error: Unicode character è‘— (U+8457)
               not set up for use with LaTeX.

See the LaTeX manual or LaTeX Companion for explanation.
Type  H <return>  for immediate help.
 ...                                              
                                                  
l.80 ...é«˜ç»´ã€ä½ä¿¡å™ªæ¯”ã€éå¹³ç¨³åŠæ˜¾è‘—
                                                  ä¸ªä½“å·®å¼‚ç­‰ç‰¹æ€§ï¼Œä¸...
You may provide a definition with
\DeclareUnicodeCharacter 


/home/yu/æ¡Œé¢/UESTC/3.1/writing/åˆç¨¿/EEG.tex:80: LaTeX Error: Unicode character ä¸ª (U+4E2A)
               not set up for use with LaTeX.

See the LaTeX manual or LaTeX Companion for explanation.
Type  H <return>  for immediate help.
 ...                                              
                                                  
l.80 ...ç»´ã€ä½ä¿¡å™ªæ¯”ã€éå¹³ç¨³åŠæ˜¾è‘—ä¸ª
                                                  ä½“å·®å¼‚ç­‰ç‰¹æ€§ï¼Œä¸¥é‡...
You may provide a definition with
\DeclareUnicodeCharacter 


/home/yu/æ¡Œé¢/UESTC/3.1/writing/åˆç¨¿/EEG.tex:80: LaTeX Error: Unicode character ä½“ (U+4F53)
               not set up for use with LaTeX.

See the LaTeX manual or LaTeX Companion for explanation.
Type  H <return>  for immediate help.
 ...                                              
                                                  
l.80 ...ã€ä½ä¿¡å™ªæ¯”ã€éå¹³ç¨³åŠæ˜¾è‘—ä¸ªä½“
                                                  å·®å¼‚ç­‰ç‰¹æ€§ï¼Œä¸¥é‡åˆ...
You may provide a definition with
\DeclareUnicodeCharacter 


/home/yu/æ¡Œé¢/UESTC/3.1/writing/åˆç¨¿/EEG.tex:80: LaTeX Error: Unicode character å·® (U+5DEE)
               not set up for use with LaTeX.

See the LaTeX manual or LaTeX Companion for explanation.
Type  H <return>  for immediate help.
 ...                                              
                                                  
l.80 ...ä½ä¿¡å™ªæ¯”ã€éå¹³ç¨³åŠæ˜¾è‘—ä¸ªä½“å·®
                                                  å¼‚ç­‰ç‰¹æ€§ï¼Œä¸¥é‡åˆ¶çº...
You may provide a definition with
\DeclareUnicodeCharacter 


/home/yu/æ¡Œé¢/UESTC/3.1/writing/åˆç¨¿/EEG.tex:80: LaTeX Error: Unicode character å¼‚ (U+5F02)
               not set up for use with LaTeX.

See the LaTeX manual or LaTeX Companion for explanation.
Type  H <return>  for immediate help.
 ...                                              
                                                  
l.80 ...ä¿¡å™ªæ¯”ã€éå¹³ç¨³åŠæ˜¾è‘—ä¸ªä½“å·®å¼‚
                                                  ç­‰ç‰¹æ€§ï¼Œä¸¥é‡åˆ¶çº¦äº...
You may provide a definition with
\DeclareUnicodeCharacter 


/home/yu/æ¡Œé¢/UESTC/3.1/writing/åˆç¨¿/EEG.tex:80: LaTeX Error: Unicode character ç­‰ (U+7B49)
               not set up for use with LaTeX.

See the LaTeX manual or LaTeX Companion for explanation.
Type  H <return>  for immediate help.
 ...                                              
                                                  
l.80 ...å™ªæ¯”ã€éå¹³ç¨³åŠæ˜¾è‘—ä¸ªä½“å·®å¼‚ç­‰
                                                  ç‰¹æ€§ï¼Œä¸¥é‡åˆ¶çº¦äº†æ·...
You may provide a definition with
\DeclareUnicodeCharacter 


/home/yu/æ¡Œé¢/UESTC/3.1/writing/åˆç¨¿/EEG.tex:80: LaTeX Error: Unicode character ç‰¹ (U+7279)
               not set up for use with LaTeX.

See the LaTeX manual or LaTeX Companion for explanation.
Type  H <return>  for immediate help.
 ...                                              
                                                  
l.80 ...æ¯”ã€éå¹³ç¨³åŠæ˜¾è‘—ä¸ªä½“å·®å¼‚ç­‰ç‰¹
                                                  æ€§ï¼Œä¸¥é‡åˆ¶çº¦äº†æ·±åº...
You may provide a definition with
\DeclareUnicodeCharacter 


/home/yu/æ¡Œé¢/UESTC/3.1/writing/åˆç¨¿/EEG.tex:80: LaTeX Error: Unicode character æ€§ (U+6027)
               not set up for use with LaTeX.

See the LaTeX manual or LaTeX Companion for explanation.
Type  H <return>  for immediate help.
 ...                                              
                                                  
l.80 ...ã€éå¹³ç¨³åŠæ˜¾è‘—ä¸ªä½“å·®å¼‚ç­‰ç‰¹æ€§
                                                  ï¼Œä¸¥é‡åˆ¶çº¦äº†æ·±åº¦å­...
You may provide a definition with
\DeclareUnicodeCharacter 


/home/yu/æ¡Œé¢/UESTC/3.1/writing/åˆç¨¿/EEG.tex:80: LaTeX Error: Unicode character ï¼Œ (U+FF0C)
               not set up for use with LaTeX.

See the LaTeX manual or LaTeX Companion for explanation.
Type  H <return>  for immediate help.
 ...                                              
                                                  
l.80 ...éå¹³ç¨³åŠæ˜¾è‘—ä¸ªä½“å·®å¼‚ç­‰ç‰¹æ€§ï¼Œ
                                                  ä¸¥é‡åˆ¶çº¦äº†æ·±åº¦å­¦ä¹...
You may provide a definition with
\DeclareUnicodeCharacter 


/home/yu/æ¡Œé¢/UESTC/3.1/writing/åˆç¨¿/EEG.tex:80: LaTeX Error: Unicode character ä¸¥ (U+4E25)
               not set up for use with LaTeX.

See the LaTeX manual or LaTeX Companion for explanation.
Type  H <return>  for immediate help.
 ...                                              
                                                  
l.80 ...å¹³ç¨³åŠæ˜¾è‘—ä¸ªä½“å·®å¼‚ç­‰ç‰¹æ€§ï¼Œä¸¥
                                                  é‡åˆ¶çº¦äº†æ·±åº¦å­¦ä¹ æ¨...
You may provide a definition with
\DeclareUnicodeCharacter 


/home/yu/æ¡Œé¢/UESTC/3.1/writing/åˆç¨¿/EEG.tex:80: LaTeX Error: Unicode character é‡ (U+91CD)
               not set up for use with LaTeX.

See the LaTeX manual or LaTeX Companion for explanation.
Type  H <return>  for immediate help.
 ...                                              
                                                  
l.80 ...ç¨³åŠæ˜¾è‘—ä¸ªä½“å·®å¼‚ç­‰ç‰¹æ€§ï¼Œä¸¥é‡
                                                  åˆ¶çº¦äº†æ·±åº¦å­¦ä¹ æ¨¡å...
You may provide a definition with
\DeclareUnicodeCharacter 


/home/yu/æ¡Œé¢/UESTC/3.1/writing/åˆç¨¿/EEG.tex:80: LaTeX Error: Unicode character åˆ¶ (U+5236)
               not set up for use with LaTeX.

See the LaTeX manual or LaTeX Companion for explanation.
Type  H <return>  for immediate help.
 ...                                              
                                                  
l.80 ...åŠæ˜¾è‘—ä¸ªä½“å·®å¼‚ç­‰ç‰¹æ€§ï¼Œä¸¥é‡åˆ¶
                                                  çº¦äº†æ·±åº¦å­¦ä¹ æ¨¡å‹çš...
You may provide a definition with
\DeclareUnicodeCharacter 


/home/yu/æ¡Œé¢/UESTC/3.1/writing/åˆç¨¿/EEG.tex:80: LaTeX Error: Unicode character çº¦ (U+7EA6)
               not set up for use with LaTeX.

See the LaTeX manual or LaTeX Companion for explanation.
Type  H <return>  for immediate help.
 ...                                              
                                                  
l.80 ...æ˜¾è‘—ä¸ªä½“å·®å¼‚ç­‰ç‰¹æ€§ï¼Œä¸¥é‡åˆ¶çº¦
                                                  äº†æ·±åº¦å­¦ä¹ æ¨¡å‹çš„æ³...
You may provide a definition with
\DeclareUnicodeCharacter 


/home/yu/æ¡Œé¢/UESTC/3.1/writing/åˆç¨¿/EEG.tex:80: LaTeX Error: Unicode character äº† (U+4E86)
               not set up for use with LaTeX.

See the LaTeX manual or LaTeX Companion for explanation.
Type  H <return>  for immediate help.
 ...                                              
                                                  
l.80 ...è‘—ä¸ªä½“å·®å¼‚ç­‰ç‰¹æ€§ï¼Œä¸¥é‡åˆ¶çº¦äº†
                                                  æ·±åº¦å­¦ä¹ æ¨¡å‹çš„æ³›åŒ...
You may provide a definition with
\DeclareUnicodeCharacter 


/home/yu/æ¡Œé¢/UESTC/3.1/writing/åˆç¨¿/EEG.tex:80: LaTeX Error: Unicode character æ·± (U+6DF1)
               not set up for use with LaTeX.

See the LaTeX manual or LaTeX Companion for explanation.
Type  H <return>  for immediate help.
 ...                                              
                                                  
l.80 ...ä¸ªä½“å·®å¼‚ç­‰ç‰¹æ€§ï¼Œä¸¥é‡åˆ¶çº¦äº†æ·±
                                                  åº¦å­¦ä¹ æ¨¡å‹çš„æ³›åŒ–èƒ...
You may provide a definition with
\DeclareUnicodeCharacter 


/home/yu/æ¡Œé¢/UESTC/3.1/writing/åˆç¨¿/EEG.tex:80: LaTeX Error: Unicode character åº¦ (U+5EA6)
               not set up for use with LaTeX.

See the LaTeX manual or LaTeX Companion for explanation.
Type  H <return>  for immediate help.
 ...                                              
                                                  
l.80 ...ä½“å·®å¼‚ç­‰ç‰¹æ€§ï¼Œä¸¥é‡åˆ¶çº¦äº†æ·±åº¦
                                                  å­¦ä¹ æ¨¡å‹çš„æ³›åŒ–èƒ½åŠ...
You may provide a definition with
\DeclareUnicodeCharacter 


/home/yu/æ¡Œé¢/UESTC/3.1/writing/åˆç¨¿/EEG.tex:80: LaTeX Error: Unicode character å­¦ (U+5B66)
               not set up for use with LaTeX.

See the LaTeX manual or LaTeX Companion for explanation.
Type  H <return>  for immediate help.
 ...                                              
                                                  
l.80 ...å·®å¼‚ç­‰ç‰¹æ€§ï¼Œä¸¥é‡åˆ¶çº¦äº†æ·±åº¦å­¦
                                                  ä¹ æ¨¡å‹çš„æ³›åŒ–èƒ½åŠ›ã€...
You may provide a definition with
\DeclareUnicodeCharacter 


/home/yu/æ¡Œé¢/UESTC/3.1/writing/åˆç¨¿/EEG.tex:80: LaTeX Error: Unicode character ä¹  (U+4E60)
               not set up for use with LaTeX.

See the LaTeX manual or LaTeX Companion for explanation.
Type  H <return>  for immediate help.
 ...                                              
                                                  
l.80 ...å¼‚ç­‰ç‰¹æ€§ï¼Œä¸¥é‡åˆ¶çº¦äº†æ·±åº¦å­¦ä¹ 
                                                  æ¨¡å‹çš„æ³›åŒ–èƒ½åŠ›ã€‚ä¸...
You may provide a definition with
\DeclareUnicodeCharacter 


/home/yu/æ¡Œé¢/UESTC/3.1/writing/åˆç¨¿/EEG.tex:80: LaTeX Error: Unicode character æ¨¡ (U+6A21)
               not set up for use with LaTeX.

See the LaTeX manual or LaTeX Companion for explanation.
Type  H <return>  for immediate help.
 ...                                              
                                                  
l.80 ...ç­‰ç‰¹æ€§ï¼Œä¸¥é‡åˆ¶çº¦äº†æ·±åº¦å­¦ä¹ æ¨¡
                                                  å‹çš„æ³›åŒ–èƒ½åŠ›ã€‚ä¸ºåº...
You may provide a definition with
\DeclareUnicodeCharacter 


/home/yu/æ¡Œé¢/UESTC/3.1/writing/åˆç¨¿/EEG.tex:80: LaTeX Error: Unicode character å‹ (U+578B)
               not set up for use with LaTeX.

See the LaTeX manual or LaTeX Companion for explanation.
Type  H <return>  for immediate help.
 ...                                              
                                                  
l.80 ...ç‰¹æ€§ï¼Œä¸¥é‡åˆ¶çº¦äº†æ·±åº¦å­¦ä¹ æ¨¡å‹
                                                  çš„æ³›åŒ–èƒ½åŠ›ã€‚ä¸ºåº”å¯...
You may provide a definition with
\DeclareUnicodeCharacter 


/home/yu/æ¡Œé¢/UESTC/3.1/writing/åˆç¨¿/EEG.tex:80: LaTeX Error: Unicode character çš„ (U+7684)
               not set up for use with LaTeX.

See the LaTeX manual or LaTeX Companion for explanation.
Type  H <return>  for immediate help.
 ...                                              
                                                  
l.80 ...æ€§ï¼Œä¸¥é‡åˆ¶çº¦äº†æ·±åº¦å­¦ä¹ æ¨¡å‹çš„
                                                  æ³›åŒ–èƒ½åŠ›ã€‚ä¸ºåº”å¯¹ä¸...
You may provide a definition with
\DeclareUnicodeCharacter 


/home/yu/æ¡Œé¢/UESTC/3.1/writing/åˆç¨¿/EEG.tex:80: LaTeX Error: Unicode character æ³› (U+6CDB)
               not set up for use with LaTeX.

See the LaTeX manual or LaTeX Companion for explanation.
Type  H <return>  for immediate help.
 ...                                              
                                                  
l.80 ...ï¼Œä¸¥é‡åˆ¶çº¦äº†æ·±åº¦å­¦ä¹ æ¨¡å‹çš„æ³›
                                                  åŒ–èƒ½åŠ›ã€‚ä¸ºåº”å¯¹ä¸Šè¿...
You may provide a definition with
\DeclareUnicodeCharacter 


/home/yu/æ¡Œé¢/UESTC/3.1/writing/åˆç¨¿/EEG.tex:80: LaTeX Error: Unicode character åŒ– (U+5316)
               not set up for use with LaTeX.

See the LaTeX manual or LaTeX Companion for explanation.
Type  H <return>  for immediate help.
 ...                                              
                                                  
l.80 ...ä¸¥é‡åˆ¶çº¦äº†æ·±åº¦å­¦ä¹ æ¨¡å‹çš„æ³›åŒ–
                                                  èƒ½åŠ›ã€‚ä¸ºåº”å¯¹ä¸Šè¿°æŒ...
You may provide a definition with
\DeclareUnicodeCharacter 


/home/yu/æ¡Œé¢/UESTC/3.1/writing/åˆç¨¿/EEG.tex:80: LaTeX Error: Unicode character èƒ½ (U+80FD)
               not set up for use with LaTeX.

See the LaTeX manual or LaTeX Companion for explanation.
Type  H <return>  for immediate help.
 ...                                              
                                                  
l.80 ...é‡åˆ¶çº¦äº†æ·±åº¦å­¦ä¹ æ¨¡å‹çš„æ³›åŒ–èƒ½
                                                  åŠ›ã€‚ä¸ºåº”å¯¹ä¸Šè¿°æŒ‘æˆ...
You may provide a definition with
\DeclareUnicodeCharacter 


/home/yu/æ¡Œé¢/UESTC/3.1/writing/åˆç¨¿/EEG.tex:80: LaTeX Error: Unicode character åŠ› (U+529B)
               not set up for use with LaTeX.

See the LaTeX manual or LaTeX Companion for explanation.
Type  H <return>  for immediate help.
 ...                                              
                                                  
l.80 ...åˆ¶çº¦äº†æ·±åº¦å­¦ä¹ æ¨¡å‹çš„æ³›åŒ–èƒ½åŠ›
                                                  ã€‚ä¸ºåº”å¯¹ä¸Šè¿°æŒ‘æˆ˜ï¼...
You may provide a definition with
\DeclareUnicodeCharacter 


/home/yu/æ¡Œé¢/UESTC/3.1/writing/åˆç¨¿/EEG.tex:80: LaTeX Error: Unicode character ã€‚ (U+3002)
               not set up for use with LaTeX.

See the LaTeX manual or LaTeX Companion for explanation.
Type  H <return>  for immediate help.
 ...                                              
                                                  
l.80 ...çº¦äº†æ·±åº¦å­¦ä¹ æ¨¡å‹çš„æ³›åŒ–èƒ½åŠ›ã€‚
                                                  ä¸ºåº”å¯¹ä¸Šè¿°æŒ‘æˆ˜ï¼Œæ•...
You may provide a definition with
\DeclareUnicodeCharacter 


/home/yu/æ¡Œé¢/UESTC/3.1/writing/åˆç¨¿/EEG.tex:80: LaTeX Error: Unicode character ä¸º (U+4E3A)
               not set up for use with LaTeX.

See the LaTeX manual or LaTeX Companion for explanation.
Type  H <return>  for immediate help.
 ...                                              
                                                  
l.80 ...äº†æ·±åº¦å­¦ä¹ æ¨¡å‹çš„æ³›åŒ–èƒ½åŠ›ã€‚ä¸º
                                                  åº”å¯¹ä¸Šè¿°æŒ‘æˆ˜ï¼Œæ•°æ...
You may provide a definition with
\DeclareUnicodeCharacter 


/home/yu/æ¡Œé¢/UESTC/3.1/writing/åˆç¨¿/EEG.tex:80: LaTeX Error: Unicode character åº” (U+5E94)
               not set up for use with LaTeX.

See the LaTeX manual or LaTeX Companion for explanation.
Type  H <return>  for immediate help.
 ...                                              
                                                  
l.80 ...æ·±åº¦å­¦ä¹ æ¨¡å‹çš„æ³›åŒ–èƒ½åŠ›ã€‚ä¸ºåº”
                                                  å¯¹ä¸Šè¿°æŒ‘æˆ˜ï¼Œæ•°æ®å¢...
You may provide a definition with
\DeclareUnicodeCharacter 


/home/yu/æ¡Œé¢/UESTC/3.1/writing/åˆç¨¿/EEG.tex:80: LaTeX Error: Unicode character å¯¹ (U+5BF9)
               not set up for use with LaTeX.

See the LaTeX manual or LaTeX Companion for explanation.
Type  H <return>  for immediate help.
 ...                                              
                                                  
l.80 ...åº¦å­¦ä¹ æ¨¡å‹çš„æ³›åŒ–èƒ½åŠ›ã€‚ä¸ºåº”å¯¹
                                                  ä¸Šè¿°æŒ‘æˆ˜ï¼Œæ•°æ®å¢å¼...
You may provide a definition with
\DeclareUnicodeCharacter 


/home/yu/æ¡Œé¢/UESTC/3.1/writing/åˆç¨¿/EEG.tex:80: LaTeX Error: Unicode character ä¸Š (U+4E0A)
               not set up for use with LaTeX.

See the LaTeX manual or LaTeX Companion for explanation.
Type  H <return>  for immediate help.
 ...                                              
                                                  
l.80 ...å­¦ä¹ æ¨¡å‹çš„æ³›åŒ–èƒ½åŠ›ã€‚ä¸ºåº”å¯¹ä¸Š
                                                  è¿°æŒ‘æˆ˜ï¼Œæ•°æ®å¢å¼ºæŠ...
You may provide a definition with
\DeclareUnicodeCharacter 


/home/yu/æ¡Œé¢/UESTC/3.1/writing/åˆç¨¿/EEG.tex:80: LaTeX Error: Unicode character è¿° (U+8FF0)
               not set up for use with LaTeX.

See the LaTeX manual or LaTeX Companion for explanation.
Type  H <return>  for immediate help.
 ...                                              
                                                  
l.80 ...ä¹ æ¨¡å‹çš„æ³›åŒ–èƒ½åŠ›ã€‚ä¸ºåº”å¯¹ä¸Šè¿°
                                                  æŒ‘æˆ˜ï¼Œæ•°æ®å¢å¼ºæŠ€æœ...
You may provide a definition with
\DeclareUnicodeCharacter 


/home/yu/æ¡Œé¢/UESTC/3.1/writing/åˆç¨¿/EEG.tex:80: LaTeX Error: Unicode character æŒ‘ (U+6311)
               not set up for use with LaTeX.

See the LaTeX manual or LaTeX Companion for explanation.
Type  H <return>  for immediate help.
 ...                                              
                                                  
l.80 ...æ¨¡å‹çš„æ³›åŒ–èƒ½åŠ›ã€‚ä¸ºåº”å¯¹ä¸Šè¿°æŒ‘
                                                  æˆ˜ï¼Œæ•°æ®å¢å¼ºæŠ€æœ¯æˆ...
You may provide a definition with
\DeclareUnicodeCharacter 


/home/yu/æ¡Œé¢/UESTC/3.1/writing/åˆç¨¿/EEG.tex:80: LaTeX Error: Unicode character æˆ˜ (U+6218)
               not set up for use with LaTeX.

See the LaTeX manual or LaTeX Companion for explanation.
Type  H <return>  for immediate help.
 ...                                              
                                                  
l.80 ...å‹çš„æ³›åŒ–èƒ½åŠ›ã€‚ä¸ºåº”å¯¹ä¸Šè¿°æŒ‘æˆ˜
                                                  ï¼Œæ•°æ®å¢å¼ºæŠ€æœ¯æˆä¸...
You may provide a definition with
\DeclareUnicodeCharacter 


/home/yu/æ¡Œé¢/UESTC/3.1/writing/åˆç¨¿/EEG.tex:80: LaTeX Error: Unicode character ï¼Œ (U+FF0C)
               not set up for use with LaTeX.

See the LaTeX manual or LaTeX Companion for explanation.
Type  H <return>  for immediate help.
 ...                                              
                                                  
l.80 ...çš„æ³›åŒ–èƒ½åŠ›ã€‚ä¸ºåº”å¯¹ä¸Šè¿°æŒ‘æˆ˜ï¼Œ
                                                  æ•°æ®å¢å¼ºæŠ€æœ¯æˆä¸ºæ...
You may provide a definition with
\DeclareUnicodeCharacter 


/home/yu/æ¡Œé¢/UESTC/3.1/writing/åˆç¨¿/EEG.tex:80: LaTeX Error: Unicode character æ•° (U+6570)
               not set up for use with LaTeX.

See the LaTeX manual or LaTeX Companion for explanation.
Type  H <return>  for immediate help.
 ...                                              
                                                  
l.80 ...æ³›åŒ–èƒ½åŠ›ã€‚ä¸ºåº”å¯¹ä¸Šè¿°æŒ‘æˆ˜ï¼Œæ•°
                                                  æ®å¢å¼ºæŠ€æœ¯æˆä¸ºæå...
You may provide a definition with
\DeclareUnicodeCharacter 


/home/yu/æ¡Œé¢/UESTC/3.1/writing/åˆç¨¿/EEG.tex:80: LaTeX Error: Unicode character æ® (U+636E)
               not set up for use with LaTeX.

See the LaTeX manual or LaTeX Companion for explanation.
Type  H <return>  for immediate help.
 ...                                              
                                                  
l.80 ...åŒ–èƒ½åŠ›ã€‚ä¸ºåº”å¯¹ä¸Šè¿°æŒ‘æˆ˜ï¼Œæ•°æ®
                                                  å¢å¼ºæŠ€æœ¯æˆä¸ºæå‡æ¨...
You may provide a definition with
\DeclareUnicodeCharacter 


/home/yu/æ¡Œé¢/UESTC/3.1/writing/åˆç¨¿/EEG.tex:80: LaTeX Error: Unicode character å¢ (U+589E)
               not set up for use with LaTeX.

See the LaTeX manual or LaTeX Companion for explanation.
Type  H <return>  for immediate help.
 ...                                              
                                                  
l.80 ...èƒ½åŠ›ã€‚ä¸ºåº”å¯¹ä¸Šè¿°æŒ‘æˆ˜ï¼Œæ•°æ®å¢
                                                  å¼ºæŠ€æœ¯æˆä¸ºæå‡æ¨¡å...
You may provide a definition with
\DeclareUnicodeCharacter 


/home/yu/æ¡Œé¢/UESTC/3.1/writing/åˆç¨¿/EEG.tex:80: LaTeX Error: Unicode character å¼º (U+5F3A)
               not set up for use with LaTeX.

See the LaTeX manual or LaTeX Companion for explanation.
Type  H <return>  for immediate help.
 ...                                              
                                                  
l.80 ...åŠ›ã€‚ä¸ºåº”å¯¹ä¸Šè¿°æŒ‘æˆ˜ï¼Œæ•°æ®å¢å¼º
                                                  æŠ€æœ¯æˆä¸ºæå‡æ¨¡å‹é²...
You may provide a definition with
\DeclareUnicodeCharacter 


/home/yu/æ¡Œé¢/UESTC/3.1/writing/åˆç¨¿/EEG.tex:80: LaTeX Error: Unicode character æŠ€ (U+6280)
               not set up for use with LaTeX.

See the LaTeX manual or LaTeX Companion for explanation.
Type  H <return>  for immediate help.
 ...                                              
                                                  
l.80 ...ã€‚ä¸ºåº”å¯¹ä¸Šè¿°æŒ‘æˆ˜ï¼Œæ•°æ®å¢å¼ºæŠ€
                                                  æœ¯æˆä¸ºæå‡æ¨¡å‹é²æ£...
You may provide a definition with
\DeclareUnicodeCharacter 


/home/yu/æ¡Œé¢/UESTC/3.1/writing/åˆç¨¿/EEG.tex:80: LaTeX Error: Unicode character æœ¯ (U+672F)
               not set up for use with LaTeX.

See the LaTeX manual or LaTeX Companion for explanation.
Type  H <return>  for immediate help.
 ...                                              
                                                  
l.80 ...ä¸ºåº”å¯¹ä¸Šè¿°æŒ‘æˆ˜ï¼Œæ•°æ®å¢å¼ºæŠ€æœ¯
                                                  æˆä¸ºæå‡æ¨¡å‹é²æ£’æ€...
You may provide a definition with
\DeclareUnicodeCharacter 


/home/yu/æ¡Œé¢/UESTC/3.1/writing/åˆç¨¿/EEG.tex:80: LaTeX Error: Unicode character æˆ (U+6210)
               not set up for use with LaTeX.

See the LaTeX manual or LaTeX Companion for explanation.
Type  H <return>  for immediate help.
 ...                                              
                                                  
l.80 ...åº”å¯¹ä¸Šè¿°æŒ‘æˆ˜ï¼Œæ•°æ®å¢å¼ºæŠ€æœ¯æˆ
                                                  ä¸ºæå‡æ¨¡å‹é²æ£’æ€§ä¸...
You may provide a definition with
\DeclareUnicodeCharacter 


/home/yu/æ¡Œé¢/UESTC/3.1/writing/åˆç¨¿/EEG.tex:80: LaTeX Error: Unicode character ä¸º (U+4E3A)
               not set up for use with LaTeX.

See the LaTeX manual or LaTeX Companion for explanation.
Type  H <return>  for immediate help.
 ...                                              
                                                  
l.80 ...å¯¹ä¸Šè¿°æŒ‘æˆ˜ï¼Œæ•°æ®å¢å¼ºæŠ€æœ¯æˆä¸º
                                                  æå‡æ¨¡å‹é²æ£’æ€§ä¸æ³...
You may provide a definition with
\DeclareUnicodeCharacter 


/home/yu/æ¡Œé¢/UESTC/3.1/writing/åˆç¨¿/EEG.tex:80: LaTeX Error: Unicode character æ (U+63D0)
               not set up for use with LaTeX.

See the LaTeX manual or LaTeX Companion for explanation.
Type  H <return>  for immediate help.
 ...                                              
                                                  
l.80 ...ä¸Šè¿°æŒ‘æˆ˜ï¼Œæ•°æ®å¢å¼ºæŠ€æœ¯æˆä¸ºæ
                                                  å‡æ¨¡å‹é²æ£’æ€§ä¸æ³›åŒ...
You may provide a definition with
\DeclareUnicodeCharacter 


/home/yu/æ¡Œé¢/UESTC/3.1/writing/åˆç¨¿/EEG.tex:80: LaTeX Error: Unicode character å‡ (U+5347)
               not set up for use with LaTeX.

See the LaTeX manual or LaTeX Companion for explanation.
Type  H <return>  for immediate help.
 ...                                              
                                                  
l.80 ...è¿°æŒ‘æˆ˜ï¼Œæ•°æ®å¢å¼ºæŠ€æœ¯æˆä¸ºæå‡
                                                  æ¨¡å‹é²æ£’æ€§ä¸æ³›åŒ–æ€...
You may provide a definition with
\DeclareUnicodeCharacter 


/home/yu/æ¡Œé¢/UESTC/3.1/writing/åˆç¨¿/EEG.tex:80: LaTeX Error: Unicode character æ¨¡ (U+6A21)
               not set up for use with LaTeX.

See the LaTeX manual or LaTeX Companion for explanation.
Type  H <return>  for immediate help.
 ...                                              
                                                  
l.80 ...æŒ‘æˆ˜ï¼Œæ•°æ®å¢å¼ºæŠ€æœ¯æˆä¸ºæå‡æ¨¡
                                                  å‹é²æ£’æ€§ä¸æ³›åŒ–æ€§èƒ...
You may provide a definition with
\DeclareUnicodeCharacter 


/home/yu/æ¡Œé¢/UESTC/3.1/writing/åˆç¨¿/EEG.tex:80: LaTeX Error: Unicode character å‹ (U+578B)
               not set up for use with LaTeX.

See the LaTeX manual or LaTeX Companion for explanation.
Type  H <return>  for immediate help.
 ...                                              
                                                  
l.80 ...æˆ˜ï¼Œæ•°æ®å¢å¼ºæŠ€æœ¯æˆä¸ºæå‡æ¨¡å‹
                                                  é²æ£’æ€§ä¸æ³›åŒ–æ€§èƒ½çš...
(That makes 100 errors; please try again.) 
Here is how much of TeX's memory you used:
 14118 strings out of 474222
 223521 string characters out of 5748733
 1924975 words of memory out of 5000000
 36160 multiletter control sequences out of 15000+600000
 587951 words of font info for 75 fonts, out of 8000000 for 9000
 1141 hyphenation exceptions out of 8191
 83i,6n,93p,8375b,484s stack positions out of 10000i,1000n,20000p,200000b,200000s

/home/yu/æ¡Œé¢/UESTC/3.1/writing/åˆç¨¿/EEG.tex:80:  ==> Fatal error occurred, no output PDF file produced!
